[0.355s] DEBUG:colcon:Command line arguments: ['/usr/bin/colcon', 'build', '--packages-select', 'robot_actions']
[0.355s] DEBUG:colcon:Parsed command line arguments: Namespace(log_base=None, log_level=None, verb_name='build', build_base='build', install_base='install', merge_install=False, symlink_install=False, test_result_base=None, continue_on_error=False, executor='parallel', parallel_workers=4, event_handlers=None, ignore_user_meta=False, metas=['./colcon.meta'], base_paths=['.'], packages_ignore=None, packages_ignore_regex=None, paths=None, packages_up_to=None, packages_up_to_regex=None, packages_above=None, packages_above_and_dependencies=None, packages_above_depth=None, packages_select_by_dep=None, packages_skip_by_dep=None, packages_skip_up_to=None, packages_select_build_failed=False, packages_skip_build_finished=False, packages_select_test_failures=False, packages_skip_test_passed=False, packages_select=['robot_actions'], packages_skip=None, packages_select_regex=None, packages_skip_regex=None, packages_start=None, packages_end=None, allow_overriding=[], cmake_args=None, cmake_target=None, cmake_target_skip_unavailable=False, cmake_clean_cache=False, cmake_clean_first=False, cmake_force_configure=False, ament_cmake_args=None, catkin_cmake_args=None, catkin_skip_building_tests=False, mixin_files=None, mixin=None, verb_parser=<colcon_mixin.mixin.mixin_argument.MixinArgumentDecorator object at 0x7290cd1e7a30>, verb_extension=<colcon_core.verb.build.BuildVerb object at 0x7290cd390970>, main=<bound method BuildVerb.main of <colcon_core.verb.build.BuildVerb object at 0x7290cd390970>>, mixin_verb=('build',))
[0.986s] Level 1:colcon.colcon_core.package_discovery:discover_packages(colcon_meta) check parameters
[0.986s] Level 1:colcon.colcon_core.package_discovery:discover_packages(recursive) check parameters
[0.986s] Level 1:colcon.colcon_core.package_discovery:discover_packages(ignore) check parameters
[0.986s] Level 1:colcon.colcon_core.package_discovery:discover_packages(path) check parameters
[0.986s] Level 1:colcon.colcon_core.package_discovery:discover_packages(colcon_meta) discover
[0.986s] Level 1:colcon.colcon_core.package_discovery:discover_packages(recursive) discover
[0.986s] INFO:colcon.colcon_core.package_discovery:Crawling recursively for packages in '/home/nourhane/ros2_ws/src/robot_actions'
[0.986s] Level 1:colcon.colcon_core.package_identification:_identify(.) by extensions ['ignore', 'ignore_ament_install']
[0.986s] Level 1:colcon.colcon_core.package_identification:_identify(.) by extension 'ignore'
[0.986s] Level 1:colcon.colcon_core.package_identification:_identify(.) by extension 'ignore_ament_install'
[0.987s] Level 1:colcon.colcon_core.package_identification:_identify(.) by extensions ['colcon_pkg']
[0.987s] Level 1:colcon.colcon_core.package_identification:_identify(.) by extension 'colcon_pkg'
[0.987s] Level 1:colcon.colcon_core.package_identification:_identify(.) by extensions ['colcon_meta']
[0.987s] Level 1:colcon.colcon_core.package_identification:_identify(.) by extension 'colcon_meta'
[0.987s] Level 1:colcon.colcon_core.package_identification:_identify(.) by extensions ['ros']
[0.987s] Level 1:colcon.colcon_core.package_identification:_identify(.) by extension 'ros'
[1.010s] DEBUG:colcon.colcon_core.package_identification:Package '.' with type 'ros.ament_cmake' and name 'robot_actions'
[1.010s] Level 1:colcon.colcon_core.package_discovery:discover_packages(recursive) using defaults
[1.010s] Level 1:colcon.colcon_core.package_discovery:discover_packages(ignore) discover
[1.010s] Level 1:colcon.colcon_core.package_discovery:discover_packages(ignore) using defaults
[1.010s] Level 1:colcon.colcon_core.package_discovery:discover_packages(path) discover
[1.010s] Level 1:colcon.colcon_core.package_discovery:discover_packages(path) using defaults
[1.079s] Level 1:colcon.colcon_core.package_discovery:discover_packages(prefix_path) check parameters
[1.079s] Level 1:colcon.colcon_core.package_discovery:discover_packages(prefix_path) discover
[1.088s] DEBUG:colcon.colcon_installed_package_information.package_discovery:Found 15 installed packages in /home/nourhane/turtlebot3_ws/install
[1.091s] DEBUG:colcon.colcon_installed_package_information.package_discovery:Found 364 installed packages in /opt/ros/humble
[1.093s] Level 1:colcon.colcon_core.package_discovery:discover_packages(prefix_path) using defaults
[1.213s] Level 5:colcon.colcon_core.verb:set package 'robot_actions' build argument 'cmake_args' from command line to 'None'
[1.213s] Level 5:colcon.colcon_core.verb:set package 'robot_actions' build argument 'cmake_target' from command line to 'None'
[1.214s] Level 5:colcon.colcon_core.verb:set package 'robot_actions' build argument 'cmake_target_skip_unavailable' from command line to 'False'
[1.214s] Level 5:colcon.colcon_core.verb:set package 'robot_actions' build argument 'cmake_clean_cache' from command line to 'False'
[1.214s] Level 5:colcon.colcon_core.verb:set package 'robot_actions' build argument 'cmake_clean_first' from command line to 'False'
[1.214s] Level 5:colcon.colcon_core.verb:set package 'robot_actions' build argument 'cmake_force_configure' from command line to 'False'
[1.214s] Level 5:colcon.colcon_core.verb:set package 'robot_actions' build argument 'ament_cmake_args' from command line to 'None'
[1.214s] Level 5:colcon.colcon_core.verb:set package 'robot_actions' build argument 'catkin_cmake_args' from command line to 'None'
[1.214s] Level 5:colcon.colcon_core.verb:set package 'robot_actions' build argument 'catkin_skip_building_tests' from command line to 'False'
[1.214s] DEBUG:colcon.colcon_core.verb:Building package 'robot_actions' with the following arguments: {'ament_cmake_args': None, 'build_base': '/home/nourhane/ros2_ws/src/robot_actions/build/robot_actions', 'catkin_cmake_args': None, 'catkin_skip_building_tests': False, 'cmake_args': None, 'cmake_clean_cache': False, 'cmake_clean_first': False, 'cmake_force_configure': False, 'cmake_target': None, 'cmake_target_skip_unavailable': False, 'install_base': '/home/nourhane/ros2_ws/src/robot_actions/install/robot_actions', 'merge_install': False, 'path': '/home/nourhane/ros2_ws/src/robot_actions', 'symlink_install': False, 'test_result_base': None}
[1.214s] INFO:colcon.colcon_core.executor:Executing jobs using 'parallel' executor
[1.217s] DEBUG:colcon.colcon_parallel_executor.executor.parallel:run_until_complete
[1.217s] INFO:colcon.colcon_ros.task.ament_cmake.build:Building ROS package in '/home/nourhane/ros2_ws/src/robot_actions' with build type 'ament_cmake'
[1.217s] INFO:colcon.colcon_cmake.task.cmake.build:Building CMake package in '/home/nourhane/ros2_ws/src/robot_actions'
[1.230s] INFO:colcon.colcon_core.plugin_system:Skipping extension 'colcon_core.shell.bat': Not used on non-Windows systems
[1.231s] INFO:colcon.colcon_core.shell:Skip shell extension 'powershell' for command environment: Not usable outside of PowerShell
[1.231s] DEBUG:colcon.colcon_core.shell:Skip shell extension 'dsv' for command environment
[1.252s] DEBUG:colcon.colcon_core.event_handler.log_command:Invoking command in '/home/nourhane/ros2_ws/src/robot_actions/build/robot_actions': CMAKE_PREFIX_PATH=${CMAKE_PREFIX_PATH}:/home/nourhane/turtlebot3_ws/install/turtlebot3_teleop:/home/nourhane/turtlebot3_ws/install/turtlebot3_example:/opt/ros/humble /usr/bin/cmake --build /home/nourhane/ros2_ws/src/robot_actions/build/robot_actions -- -j4 -l4
[14.377s] DEBUG:colcon.colcon_core.event_handler.log_command:Invoked command in '/home/nourhane/ros2_ws/src/robot_actions/build/robot_actions' returned '0': CMAKE_PREFIX_PATH=${CMAKE_PREFIX_PATH}:/home/nourhane/turtlebot3_ws/install/turtlebot3_teleop:/home/nourhane/turtlebot3_ws/install/turtlebot3_example:/opt/ros/humble /usr/bin/cmake --build /home/nourhane/ros2_ws/src/robot_actions/build/robot_actions -- -j4 -l4
[14.402s] DEBUG:colcon.colcon_core.event_handler.log_command:Invoking command in '/home/nourhane/ros2_ws/src/robot_actions/build/robot_actions': CMAKE_PREFIX_PATH=${CMAKE_PREFIX_PATH}:/home/nourhane/turtlebot3_ws/install/turtlebot3_teleop:/home/nourhane/turtlebot3_ws/install/turtlebot3_example:/opt/ros/humble /usr/bin/cmake --install /home/nourhane/ros2_ws/src/robot_actions/build/robot_actions
[14.556s] Level 1:colcon.colcon_core.environment:create_environment_scripts_only(robot_actions)
[14.557s] DEBUG:colcon.colcon_core.event_handler.log_command:Invoked command in '/home/nourhane/ros2_ws/src/robot_actions/build/robot_actions' returned '0': CMAKE_PREFIX_PATH=${CMAKE_PREFIX_PATH}:/home/nourhane/turtlebot3_ws/install/turtlebot3_teleop:/home/nourhane/turtlebot3_ws/install/turtlebot3_example:/opt/ros/humble /usr/bin/cmake --install /home/nourhane/ros2_ws/src/robot_actions/build/robot_actions
[14.572s] Level 1:colcon.colcon_core.environment:checking '/home/nourhane/ros2_ws/src/robot_actions/install/robot_actions' for CMake module files
[14.573s] Level 1:colcon.colcon_core.environment:checking '/home/nourhane/ros2_ws/src/robot_actions/install/robot_actions' for CMake config files
[14.574s] Level 1:colcon.colcon_core.shell:create_environment_hook('robot_actions', 'cmake_prefix_path')
[14.574s] INFO:colcon.colcon_core.shell:Creating environment hook '/home/nourhane/ros2_ws/src/robot_actions/install/robot_actions/share/robot_actions/hook/cmake_prefix_path.ps1'
[14.576s] INFO:colcon.colcon_core.shell:Creating environment descriptor '/home/nourhane/ros2_ws/src/robot_actions/install/robot_actions/share/robot_actions/hook/cmake_prefix_path.dsv'
[14.577s] INFO:colcon.colcon_core.shell:Creating environment hook '/home/nourhane/ros2_ws/src/robot_actions/install/robot_actions/share/robot_actions/hook/cmake_prefix_path.sh'
[14.579s] Level 1:colcon.colcon_core.environment:checking '/home/nourhane/ros2_ws/src/robot_actions/install/robot_actions/lib'
[14.579s] Level 1:colcon.colcon_core.shell:create_environment_hook('robot_actions', 'ld_library_path_lib')
[14.579s] INFO:colcon.colcon_core.shell:Creating environment hook '/home/nourhane/ros2_ws/src/robot_actions/install/robot_actions/share/robot_actions/hook/ld_library_path_lib.ps1'
[14.580s] INFO:colcon.colcon_core.shell:Creating environment descriptor '/home/nourhane/ros2_ws/src/robot_actions/install/robot_actions/share/robot_actions/hook/ld_library_path_lib.dsv'
[14.581s] INFO:colcon.colcon_core.shell:Creating environment hook '/home/nourhane/ros2_ws/src/robot_actions/install/robot_actions/share/robot_actions/hook/ld_library_path_lib.sh'
[14.581s] Level 1:colcon.colcon_core.environment:checking '/home/nourhane/ros2_ws/src/robot_actions/install/robot_actions/bin'
[14.581s] Level 1:colcon.colcon_core.environment:checking '/home/nourhane/ros2_ws/src/robot_actions/install/robot_actions/lib/pkgconfig/robot_actions.pc'
[14.582s] Level 1:colcon.colcon_core.environment:checking '/home/nourhane/ros2_ws/src/robot_actions/install/robot_actions/lib/python3.10/site-packages'
[14.582s] Level 1:colcon.colcon_core.environment:checking '/home/nourhane/ros2_ws/src/robot_actions/install/robot_actions/bin'
[14.582s] INFO:colcon.colcon_core.shell:Creating package script '/home/nourhane/ros2_ws/src/robot_actions/install/robot_actions/share/robot_actions/package.ps1'
[14.584s] INFO:colcon.colcon_core.shell:Creating package descriptor '/home/nourhane/ros2_ws/src/robot_actions/install/robot_actions/share/robot_actions/package.dsv'
[14.586s] INFO:colcon.colcon_core.shell:Creating package script '/home/nourhane/ros2_ws/src/robot_actions/install/robot_actions/share/robot_actions/package.sh'
[14.588s] INFO:colcon.colcon_core.shell:Creating package script '/home/nourhane/ros2_ws/src/robot_actions/install/robot_actions/share/robot_actions/package.bash'
[14.591s] INFO:colcon.colcon_core.shell:Creating package script '/home/nourhane/ros2_ws/src/robot_actions/install/robot_actions/share/robot_actions/package.zsh'
[14.593s] Level 1:colcon.colcon_core.environment:create_file_with_runtime_dependencies(/home/nourhane/ros2_ws/src/robot_actions/install/robot_actions/share/colcon-core/packages/robot_actions)
[14.594s] Level 1:colcon.colcon_core.environment:create_environment_scripts_only(robot_actions)
[14.594s] Level 1:colcon.colcon_core.environment:checking '/home/nourhane/ros2_ws/src/robot_actions/install/robot_actions' for CMake module files
[14.595s] Level 1:colcon.colcon_core.environment:checking '/home/nourhane/ros2_ws/src/robot_actions/install/robot_actions' for CMake config files
[14.595s] Level 1:colcon.colcon_core.shell:create_environment_hook('robot_actions', 'cmake_prefix_path')
[14.596s] INFO:colcon.colcon_core.shell:Creating environment hook '/home/nourhane/ros2_ws/src/robot_actions/install/robot_actions/share/robot_actions/hook/cmake_prefix_path.ps1'
[14.596s] INFO:colcon.colcon_core.shell:Creating environment descriptor '/home/nourhane/ros2_ws/src/robot_actions/install/robot_actions/share/robot_actions/hook/cmake_prefix_path.dsv'
[14.597s] INFO:colcon.colcon_core.shell:Creating environment hook '/home/nourhane/ros2_ws/src/robot_actions/install/robot_actions/share/robot_actions/hook/cmake_prefix_path.sh'
[14.598s] Level 1:colcon.colcon_core.environment:checking '/home/nourhane/ros2_ws/src/robot_actions/install/robot_actions/lib'
[14.598s] Level 1:colcon.colcon_core.shell:create_environment_hook('robot_actions', 'ld_library_path_lib')
[14.598s] INFO:colcon.colcon_core.shell:Creating environment hook '/home/nourhane/ros2_ws/src/robot_actions/install/robot_actions/share/robot_actions/hook/ld_library_path_lib.ps1'
[14.599s] INFO:colcon.colcon_core.shell:Creating environment descriptor '/home/nourhane/ros2_ws/src/robot_actions/install/robot_actions/share/robot_actions/hook/ld_library_path_lib.dsv'
[14.599s] INFO:colcon.colcon_core.shell:Creating environment hook '/home/nourhane/ros2_ws/src/robot_actions/install/robot_actions/share/robot_actions/hook/ld_library_path_lib.sh'
[14.600s] Level 1:colcon.colcon_core.environment:checking '/home/nourhane/ros2_ws/src/robot_actions/install/robot_actions/bin'
[14.600s] Level 1:colcon.colcon_core.environment:checking '/home/nourhane/ros2_ws/src/robot_actions/install/robot_actions/lib/pkgconfig/robot_actions.pc'
[14.601s] Level 1:colcon.colcon_core.environment:checking '/home/nourhane/ros2_ws/src/robot_actions/install/robot_actions/lib/python3.10/site-packages'
[14.602s] Level 1:colcon.colcon_core.environment:checking '/home/nourhane/ros2_ws/src/robot_actions/install/robot_actions/bin'
[14.602s] INFO:colcon.colcon_core.shell:Creating package script '/home/nourhane/ros2_ws/src/robot_actions/install/robot_actions/share/robot_actions/package.ps1'
[14.603s] INFO:colcon.colcon_core.shell:Creating package descriptor '/home/nourhane/ros2_ws/src/robot_actions/install/robot_actions/share/robot_actions/package.dsv'
[14.604s] INFO:colcon.colcon_core.shell:Creating package script '/home/nourhane/ros2_ws/src/robot_actions/install/robot_actions/share/robot_actions/package.sh'
[14.605s] INFO:colcon.colcon_core.shell:Creating package script '/home/nourhane/ros2_ws/src/robot_actions/install/robot_actions/share/robot_actions/package.bash'
[14.606s] INFO:colcon.colcon_core.shell:Creating package script '/home/nourhane/ros2_ws/src/robot_actions/install/robot_actions/share/robot_actions/package.zsh'
[14.606s] Level 1:colcon.colcon_core.environment:create_file_with_runtime_dependencies(/home/nourhane/ros2_ws/src/robot_actions/install/robot_actions/share/colcon-core/packages/robot_actions)
[14.607s] DEBUG:colcon.colcon_parallel_executor.executor.parallel:closing loop
[14.607s] DEBUG:colcon.colcon_parallel_executor.executor.parallel:loop closed
[14.607s] DEBUG:colcon.colcon_parallel_executor.executor.parallel:run_until_complete finished with '0'
[14.608s] DEBUG:colcon.colcon_core.event_reactor:joining thread
[14.622s] INFO:colcon.colcon_core.plugin_system:Skipping extension 'colcon_notification.desktop_notification.terminal_notifier': Not used on non-Darwin systems
[14.622s] INFO:colcon.colcon_core.plugin_system:Skipping extension 'colcon_notification.desktop_notification.win32': Not used on non-Windows systems
[14.623s] INFO:colcon.colcon_notification.desktop_notification:Sending desktop notification using 'notify2'
[14.645s] DEBUG:colcon.colcon_core.event_reactor:joined thread
[14.646s] INFO:colcon.colcon_core.shell:Creating prefix script '/home/nourhane/ros2_ws/src/robot_actions/install/local_setup.ps1'
[14.652s] INFO:colcon.colcon_core.shell:Creating prefix util module '/home/nourhane/ros2_ws/src/robot_actions/install/_local_setup_util_ps1.py'
[14.660s] INFO:colcon.colcon_core.shell:Creating prefix chain script '/home/nourhane/ros2_ws/src/robot_actions/install/setup.ps1'
[14.664s] INFO:colcon.colcon_core.shell:Creating prefix script '/home/nourhane/ros2_ws/src/robot_actions/install/local_setup.sh'
[14.666s] INFO:colcon.colcon_core.shell:Creating prefix util module '/home/nourhane/ros2_ws/src/robot_actions/install/_local_setup_util_sh.py'
[14.667s] INFO:colcon.colcon_core.shell:Creating prefix chain script '/home/nourhane/ros2_ws/src/robot_actions/install/setup.sh'
[14.672s] INFO:colcon.colcon_core.shell:Creating prefix script '/home/nourhane/ros2_ws/src/robot_actions/install/local_setup.bash'
[14.674s] INFO:colcon.colcon_core.shell:Creating prefix chain script '/home/nourhane/ros2_ws/src/robot_actions/install/setup.bash'
[14.677s] INFO:colcon.colcon_core.shell:Creating prefix script '/home/nourhane/ros2_ws/src/robot_actions/install/local_setup.zsh'
[14.679s] INFO:colcon.colcon_core.shell:Creating prefix chain script '/home/nourhane/ros2_ws/src/robot_actions/install/setup.zsh'
