[0.017s] Invoking command in '/home/nourhane/ros2_ws/src/robot_actions/build/robot_actions': CMAKE_PREFIX_PATH=${CMAKE_PREFIX_PATH}:/home/nourhane/turtlebot3_ws/install/turtlebot3_teleop:/home/nourhane/turtlebot3_ws/install/turtlebot3_example:/opt/ros/humble /usr/bin/cmake /home/nourhane/ros2_ws/src/robot_actions -DCMAKE_INSTALL_PREFIX=/home/nourhane/ros2_ws/src/robot_actions/install/robot_actions
[0.205s] -- The C compiler identification is GNU 11.4.0
[0.418s] -- The CXX compiler identification is GNU 11.4.0
[0.441s] -- Detecting C compiler ABI info
[0.568s] -- Detecting C compiler ABI info - done
[0.580s] -- Check for working C compiler: /usr/bin/cc - skipped
[0.581s] -- Detecting C compile features
[0.583s] -- Detecting C compile features - done
[0.590s] -- Detecting CXX compiler ABI info
[0.728s] -- Detecting CXX compiler ABI info - done
[0.746s] -- Check for working CXX compiler: /usr/bin/c++ - skipped
[0.746s] -- Detecting CXX compile features
[0.747s] -- Detecting CXX compile features - done
[0.753s] -- Found ament_cmake: 1.3.11 (/opt/ros/humble/share/ament_cmake/cmake)
[1.005s] -- Found Python3: /usr/bin/python3 (found version "3.10.12") found components: Interpreter 
[1.175s] -- Found rosidl_default_generators: 1.2.0 (/opt/ros/humble/share/rosidl_default_generators/cmake)
[1.184s] -- Using all available rosidl_typesupport_c: rosidl_typesupport_fastrtps_c;rosidl_typesupport_introspection_c
[1.205s] -- Found rosidl_adapter: 3.1.6 (/opt/ros/humble/share/rosidl_adapter/cmake)
[1.278s] -- Using all available rosidl_typesupport_cpp: rosidl_typesupport_fastrtps_cpp;rosidl_typesupport_introspection_cpp
[1.337s] -- Found action_msgs: 1.2.1 (/opt/ros/humble/share/action_msgs/cmake)
[1.394s] -- Found std_msgs: 4.8.0 (/opt/ros/humble/share/std_msgs/cmake)
[1.409s] -- Found geometry_msgs: 4.8.0 (/opt/ros/humble/share/geometry_msgs/cmake)
[1.427s] -- Found ament_lint_auto: 0.12.12 (/opt/ros/humble/share/ament_lint_auto/cmake)
[1.859s] [31mCMake Error at /opt/ros/humble/share/rosidl_adapter/cmake/rosidl_adapt_interfaces.cmake:59 (message):
[1.859s]   execute_process(/usr/bin/python3 -m rosidl_adapter --package-name
[1.859s]   robot_actions --arguments-file
[1.859s]   /home/nourhane/ros2_ws/src/robot_actions/build/robot_actions/rosidl_adapter__arguments__robot_actions.json
[1.859s]   --output-dir
[1.859s]   /home/nourhane/ros2_ws/src/robot_actions/build/robot_actions/rosidl_adapter/robot_actions
[1.859s]   --output-file
[1.860s]   /home/nourhane/ros2_ws/src/robot_actions/build/robot_actions/rosidl_adapter/robot_actions.idls)
[1.860s]   returned error code 1:
[1.860s] 
[1.860s]   Traceback (most recent call last):
[1.860s] 
[1.860s]     File "/usr/lib/python3.10/runpy.py", line 196, in _run_module_as_main
[1.860s]       return _run_code(code, main_globals, None,
[1.860s]     File "/usr/lib/python3.10/runpy.py", line 86, in _run_code
[1.860s]       exec(code, run_globals)
[1.860s]     File "/opt/ros/humble/local/lib/python3.10/dist-packages/rosidl_adapter/__main__.py", line 19, in <module>
[1.861s]       sys.exit(main())
[1.861s]     File "/opt/ros/humble/local/lib/python3.10/dist-packages/rosidl_adapter/main.py", line 53, in main
[1.861s]       abs_idl_file = convert_to_idl(
[1.861s]     File "/opt/ros/humble/local/lib/python3.10/dist-packages/rosidl_adapter/__init__.py", line 29, in convert_to_idl
[1.861s]       return convert_action_to_idl(
[1.861s]     File "/opt/ros/humble/local/lib/python3.10/dist-packages/rosidl_adapter/action/__init__.py", line 28, in convert_action_to_idl
[1.861s]       action = parse_action_string(package_name, input_file.stem, content)
[1.861s]     File "/opt/ros/humble/local/lib/python3.10/dist-packages/rosidl_adapter/parser.py", line 902, in parse_action_string
[1.861s]       goal_message = parse_message_string(
[1.861s]     File "/opt/ros/humble/local/lib/python3.10/dist-packages/rosidl_adapter/parser.py", line 544, in parse_message_string
[1.861s]       msg = MessageSpecification(pkg_name, msg_name, fields, constants)
[1.862s]     File "/opt/ros/humble/local/lib/python3.10/dist-packages/rosidl_adapter/parser.py", line 388, in __init__
[1.862s]       self.base_type = BaseType(
[1.862s]     File "/opt/ros/humble/local/lib/python3.10/dist-packages/rosidl_adapter/parser.py", line 205, in __init__
[1.862s]       raise InvalidResourceName(
[1.862s] 
[1.862s]   rosidl_adapter.parser.InvalidResourceName: 'triangle_Goal' is an invalid
[1.862s]   message name.  It should have the pattern '^[A-Z][A-Za-z0-9]*$'
[1.862s] 
[1.862s] Call Stack (most recent call first):
[1.863s]   /opt/ros/humble/share/rosidl_cmake/cmake/rosidl_generate_interfaces.cmake:130 (rosidl_adapt_interfaces)
[1.863s]   CMakeLists.txt:27 (rosidl_generate_interfaces)
[1.863s] 
[1.863s] [0m
[1.863s] -- Configuring incomplete, errors occurred!
[1.864s] See also "/home/nourhane/ros2_ws/src/robot_actions/build/robot_actions/CMakeFiles/CMakeOutput.log".
[1.874s] Invoked command in '/home/nourhane/ros2_ws/src/robot_actions/build/robot_actions' returned '1': CMAKE_PREFIX_PATH=${CMAKE_PREFIX_PATH}:/home/nourhane/turtlebot3_ws/install/turtlebot3_teleop:/home/nourhane/turtlebot3_ws/install/turtlebot3_example:/opt/ros/humble /usr/bin/cmake /home/nourhane/ros2_ws/src/robot_actions -DCMAKE_INSTALL_PREFIX=/home/nourhane/ros2_ws/src/robot_actions/install/robot_actions
