[0.034s] Invoking command in '/home/nourhane/ros2_ws/src/robot_actions/build/robot_actions': CMAKE_PREFIX_PATH=${CMAKE_PREFIX_PATH}:/home/nourhane/turtlebot3_ws/install/turtlebot3_teleop:/home/nourhane/turtlebot3_ws/install/turtlebot3_example:/opt/ros/humble /usr/bin/cmake --build /home/nourhane/ros2_ws/src/robot_actions/build/robot_actions -- -j4 -l4
[0.116s] -- Found ament_cmake: 1.3.11 (/opt/ros/humble/share/ament_cmake/cmake)
[0.454s] -- Found rosidl_default_generators: 1.2.0 (/opt/ros/humble/share/rosidl_default_generators/cmake)
[0.469s] -- Using all available rosidl_typesupport_c: rosidl_typesupport_fastrtps_c;rosidl_typesupport_introspection_c
[0.479s] -- Found rosidl_adapter: 3.1.6 (/opt/ros/humble/share/rosidl_adapter/cmake)
[0.585s] -- Using all available rosidl_typesupport_cpp: rosidl_typesupport_fastrtps_cpp;rosidl_typesupport_introspection_cpp
[0.658s] -- Found action_msgs: 1.2.1 (/opt/ros/humble/share/action_msgs/cmake)
[0.760s] -- Found std_msgs: 4.8.0 (/opt/ros/humble/share/std_msgs/cmake)
[0.819s] -- Found geometry_msgs: 4.8.0 (/opt/ros/humble/share/geometry_msgs/cmake)
[0.879s] -- Found ament_lint_auto: 0.12.12 (/opt/ros/humble/share/ament_lint_auto/cmake)
[1.537s] -- Found ament_cmake_ros: 0.10.0 (/opt/ros/humble/share/ament_cmake_ros/cmake)
[2.028s] -- Using all available rosidl_typesupport_c: rosidl_typesupport_fastrtps_c;rosidl_typesupport_introspection_c
[2.582s] -- Using all available rosidl_typesupport_cpp: rosidl_typesupport_fastrtps_cpp;rosidl_typesupport_introspection_cpp
[2.629s] -- Found python_cmake_module: 0.10.0 (/opt/ros/humble/share/python_cmake_module/cmake)
[2.671s] -- Using PYTHON_EXECUTABLE: /usr/bin/python3
[2.672s] -- Using PYTHON_INCLUDE_DIRS: /usr/include/python3.10
[2.672s] -- Using PYTHON_LIBRARIES: /usr/lib/x86_64-linux-gnu/libpython3.10.so
[2.911s] -- Added test 'cppcheck' to perform static code analysis on C / C++ code
[2.913s] -- Configured cppcheck include dirs: $<BUILD_INTERFACE:/home/nourhane/ros2_ws/src/robot_actions/build/robot_actions/rosidl_generator_c>;$<BUILD_INTERFACE:/home/nourhane/ros2_ws/src/robot_actions/build/robot_actions/rosidl_typesupport_fastrtps_c>;$<BUILD_INTERFACE:/home/nourhane/ros2_ws/src/robot_actions/build/robot_actions/rosidl_typesupport_introspection_c>;$<BUILD_INTERFACE:/home/nourhane/ros2_ws/src/robot_actions/build/robot_actions/rosidl_generator_cpp>;$<BUILD_INTERFACE:/home/nourhane/ros2_ws/src/robot_actions/build/robot_actions/rosidl_typesupport_fastrtps_cpp>;$<BUILD_INTERFACE:/home/nourhane/ros2_ws/src/robot_actions/build/robot_actions/rosidl_typesupport_introspection_cpp>;/home/nourhane/ros2_ws/src/robot_actions/build/robot_actions/rosidl_generator_c;/home/nourhane/ros2_ws/src/robot_actions/build/robot_actions/rosidl_generator_py
[2.913s] -- Configured cppcheck exclude dirs and/or files: 
[2.925s] -- Added test 'flake8' to check Python code syntax and style conventions
[2.943s] -- Added test 'lint_cmake' to check CMake code style
[2.953s] -- Added test 'pep257' to check Python code against some of the docstring style conventions in PEP 257
[3.014s] -- Added test 'uncrustify' to check C / C++ code style
[3.014s] -- Configured uncrustify additional arguments: 
[3.025s] -- Added test 'xmllint' to check XML markup files
[3.046s] -- Configuring done
[3.157s] -- Generating done
[3.191s] -- Build files have been written to: /home/nourhane/ros2_ws/src/robot_actions/build/robot_actions
[3.261s] [  2%] [34m[1mGenerating C code for ROS interfaces[0m
[3.293s] [  5%] [34m[1mGenerating C++ code for ROS interfaces[0m
[3.381s] [  5%] Built target ament_cmake_python_copy_robot_actions
[3.921s] running egg_info
[3.923s] writing robot_actions.egg-info/PKG-INFO
[3.924s] writing dependency_links to robot_actions.egg-info/dependency_links.txt
[3.925s] writing top-level names to robot_actions.egg-info/top_level.txt
[3.932s] reading manifest file 'robot_actions.egg-info/SOURCES.txt'
[3.934s] writing manifest file 'robot_actions.egg-info/SOURCES.txt'
[3.990s] [  5%] Built target ament_cmake_python_build_robot_actions_egg
[4.659s] [35m[1mConsolidate compiler generated dependencies of target robot_actions__rosidl_generator_c[0m
[4.684s] [  7%] [32mBuilding C object CMakeFiles/robot_actions__rosidl_generator_c.dir/rosidl_generator_c/robot_actions/action/detail/triangle__functions.c.o[0m
[4.685s] [ 10%] [32mBuilding C object CMakeFiles/robot_actions__rosidl_generator_c.dir/rosidl_generator_c/robot_actions/action/detail/move__functions.c.o[0m
[4.779s] [ 10%] Built target robot_actions__cpp
[4.811s] [ 12%] [34m[1mGenerating C++ type support for eProsima Fast-RTPS[0m
[4.848s] [ 15%] [34m[1mGenerating C++ type support dispatch for ROS interfaces[0m
[5.148s] [ 17%] [34m[1mGenerating C++ introspection for ROS interfaces[0m
[5.170s] [ 20%] [32m[1mLinking C shared library librobot_actions__rosidl_generator_c.so[0m
[5.333s] [ 20%] Built target robot_actions__rosidl_generator_c
[5.354s] [ 23%] [34m[1mGenerating C type support for eProsima Fast-RTPS[0m
[5.866s] [35m[1mConsolidate compiler generated dependencies of target robot_actions__rosidl_typesupport_cpp[0m
[5.892s] [ 25%] [32mBuilding CXX object CMakeFiles/robot_actions__rosidl_typesupport_cpp.dir/rosidl_typesupport_cpp/robot_actions/action/move__type_support.cpp.o[0m
[6.225s] [35m[1mConsolidate compiler generated dependencies of target robot_actions__rosidl_typesupport_fastrtps_cpp[0m
[6.263s] [ 28%] [32mBuilding CXX object CMakeFiles/robot_actions__rosidl_typesupport_fastrtps_cpp.dir/rosidl_typesupport_fastrtps_cpp/robot_actions/action/detail/dds_fastrtps/move__type_support.cpp.o[0m
[6.310s] [35m[1mConsolidate compiler generated dependencies of target robot_actions__rosidl_typesupport_introspection_cpp[0m
[6.335s] [ 30%] [32mBuilding CXX object CMakeFiles/robot_actions__rosidl_typesupport_introspection_cpp.dir/rosidl_typesupport_introspection_cpp/robot_actions/action/detail/move__type_support.cpp.o[0m
[6.703s] [35m[1mConsolidate compiler generated dependencies of target robot_actions__rosidl_typesupport_fastrtps_c[0m
[6.771s] [ 33%] [32mBuilding CXX object CMakeFiles/robot_actions__rosidl_typesupport_fastrtps_c.dir/rosidl_typesupport_fastrtps_c/robot_actions/action/detail/move__type_support_c.cpp.o[0m
[7.230s] [ 35%] [32mBuilding CXX object CMakeFiles/robot_actions__rosidl_typesupport_cpp.dir/rosidl_typesupport_cpp/robot_actions/action/triangle__type_support.cpp.o[0m
[8.160s] [ 38%] [32mBuilding CXX object CMakeFiles/robot_actions__rosidl_typesupport_fastrtps_cpp.dir/rosidl_typesupport_fastrtps_cpp/robot_actions/action/detail/dds_fastrtps/triangle__type_support.cpp.o[0m
[8.168s] [ 41%] [32mBuilding CXX object CMakeFiles/robot_actions__rosidl_typesupport_fastrtps_c.dir/rosidl_typesupport_fastrtps_c/robot_actions/action/detail/triangle__type_support_c.cpp.o[0m
[8.369s] [ 43%] [32mBuilding CXX object CMakeFiles/robot_actions__rosidl_typesupport_introspection_cpp.dir/rosidl_typesupport_introspection_cpp/robot_actions/action/detail/triangle__type_support.cpp.o[0m
[8.673s] [ 46%] [32m[1mLinking CXX shared library librobot_actions__rosidl_typesupport_cpp.so[0m
[8.768s] [ 46%] Built target robot_actions__rosidl_typesupport_cpp
[8.789s] [ 48%] [34m[1mGenerating C introspection for ROS interfaces[0m
[9.157s] [ 51%] [32m[1mLinking CXX shared library librobot_actions__rosidl_typesupport_fastrtps_c.so[0m
[9.333s] [ 51%] Built target robot_actions__rosidl_typesupport_fastrtps_c
[9.354s] [ 53%] [34m[1mGenerating C type support dispatch for ROS interfaces[0m
[9.478s] [ 56%] [32m[1mLinking CXX shared library librobot_actions__rosidl_typesupport_fastrtps_cpp.so[0m
[9.692s] [ 56%] Built target robot_actions__rosidl_typesupport_fastrtps_cpp
[9.740s] [ 58%] [32m[1mLinking CXX shared library librobot_actions__rosidl_typesupport_introspection_cpp.so[0m
[9.888s] [ 58%] Built target robot_actions__rosidl_typesupport_introspection_cpp
[9.972s] [35m[1mConsolidate compiler generated dependencies of target robot_actions__rosidl_typesupport_introspection_c[0m
[9.995s] [ 64%] [32mBuilding C object CMakeFiles/robot_actions__rosidl_typesupport_introspection_c.dir/rosidl_typesupport_introspection_c/robot_actions/action/detail/triangle__type_support.c.o[0m
[9.996s] [ 64%] [32mBuilding C object CMakeFiles/robot_actions__rosidl_typesupport_introspection_c.dir/rosidl_typesupport_introspection_c/robot_actions/action/detail/move__type_support.c.o[0m
[10.097s] [ 66%] [32m[1mLinking C shared library librobot_actions__rosidl_typesupport_introspection_c.so[0m
[10.173s] [ 66%] Built target robot_actions__rosidl_typesupport_introspection_c
[10.200s] [35m[1mConsolidate compiler generated dependencies of target robot_actions__rosidl_typesupport_c[0m
[10.228s] [ 71%] [32mBuilding CXX object CMakeFiles/robot_actions__rosidl_typesupport_c.dir/rosidl_typesupport_c/robot_actions/action/triangle__type_support.cpp.o[0m
[10.228s] [ 71%] [32mBuilding CXX object CMakeFiles/robot_actions__rosidl_typesupport_c.dir/rosidl_typesupport_c/robot_actions/action/move__type_support.cpp.o[0m
[10.326s] [ 74%] [32m[1mLinking CXX shared library librobot_actions__rosidl_typesupport_c.so[0m
[10.394s] [ 74%] Built target robot_actions__rosidl_typesupport_c
[10.430s] [ 74%] Built target robot_actions
[10.469s] [ 76%] [34m[1mGenerating Python code for ROS interfaces[0m
[12.156s] [ 76%] Built target robot_actions__py
[12.185s] [35m[1mConsolidate compiler generated dependencies of target robot_actions__rosidl_generator_py[0m
[12.206s] [ 79%] [32mBuilding C object CMakeFiles/robot_actions__rosidl_generator_py.dir/rosidl_generator_py/robot_actions/action/_move_s.c.o[0m
[12.210s] [ 82%] [32mBuilding C object CMakeFiles/robot_actions__rosidl_generator_py.dir/rosidl_generator_py/robot_actions/action/_triangle_s.c.o[0m
[12.516s] [ 84%] [32m[1mLinking C shared library rosidl_generator_py/robot_actions/librobot_actions__rosidl_generator_py.so[0m
[12.634s] [ 84%] Built target robot_actions__rosidl_generator_py
[12.658s] [35m[1mConsolidate compiler generated dependencies of target robot_actions__rosidl_typesupport_c__pyext[0m
[12.661s] [35m[1mConsolidate compiler generated dependencies of target robot_actions__rosidl_typesupport_fastrtps_c__pyext[0m
[12.669s] [35m[1mConsolidate compiler generated dependencies of target robot_actions__rosidl_typesupport_introspection_c__pyext[0m
[12.699s] [ 87%] [32mBuilding C object CMakeFiles/robot_actions__rosidl_typesupport_c__pyext.dir/rosidl_generator_py/robot_actions/_robot_actions_s.ep.rosidl_typesupport_c.c.o[0m
[12.713s] [ 89%] [32mBuilding C object CMakeFiles/robot_actions__rosidl_typesupport_fastrtps_c__pyext.dir/rosidl_generator_py/robot_actions/_robot_actions_s.ep.rosidl_typesupport_fastrtps_c.c.o[0m
[12.713s] [ 92%] [32mBuilding C object CMakeFiles/robot_actions__rosidl_typesupport_introspection_c__pyext.dir/rosidl_generator_py/robot_actions/_robot_actions_s.ep.rosidl_typesupport_introspection_c.c.o[0m
[12.999s] [ 94%] [32m[1mLinking C shared library rosidl_generator_py/robot_actions/robot_actions_s__rosidl_typesupport_c.cpython-310-x86_64-linux-gnu.so[0m
[13.019s] [ 97%] [32m[1mLinking C shared library rosidl_generator_py/robot_actions/robot_actions_s__rosidl_typesupport_fastrtps_c.cpython-310-x86_64-linux-gnu.so[0m
[13.031s] [100%] [32m[1mLinking C shared library rosidl_generator_py/robot_actions/robot_actions_s__rosidl_typesupport_introspection_c.cpython-310-x86_64-linux-gnu.so[0m
[13.083s] [100%] Built target robot_actions__rosidl_typesupport_c__pyext
[13.114s] [100%] Built target robot_actions__rosidl_typesupport_fastrtps_c__pyext
[13.132s] [100%] Built target robot_actions__rosidl_typesupport_introspection_c__pyext
[13.158s] Invoked command in '/home/nourhane/ros2_ws/src/robot_actions/build/robot_actions' returned '0': CMAKE_PREFIX_PATH=${CMAKE_PREFIX_PATH}:/home/nourhane/turtlebot3_ws/install/turtlebot3_teleop:/home/nourhane/turtlebot3_ws/install/turtlebot3_example:/opt/ros/humble /usr/bin/cmake --build /home/nourhane/ros2_ws/src/robot_actions/build/robot_actions -- -j4 -l4
[13.183s] Invoking command in '/home/nourhane/ros2_ws/src/robot_actions/build/robot_actions': CMAKE_PREFIX_PATH=${CMAKE_PREFIX_PATH}:/home/nourhane/turtlebot3_ws/install/turtlebot3_teleop:/home/nourhane/turtlebot3_ws/install/turtlebot3_example:/opt/ros/humble /usr/bin/cmake --install /home/nourhane/ros2_ws/src/robot_actions/build/robot_actions
[13.198s] -- Install configuration: ""
[13.198s] -- Up-to-date: /home/nourhane/ros2_ws/src/robot_actions/install/robot_actions/share/ament_index/resource_index/rosidl_interfaces/robot_actions
[13.198s] -- Up-to-date: /home/nourhane/ros2_ws/src/robot_actions/install/robot_actions/include/robot_actions/robot_actions
[13.199s] -- Up-to-date: /home/nourhane/ros2_ws/src/robot_actions/install/robot_actions/include/robot_actions/robot_actions/action
[13.199s] -- Installing: /home/nourhane/ros2_ws/src/robot_actions/install/robot_actions/include/robot_actions/robot_actions/action/move.h
[13.199s] -- Installing: /home/nourhane/ros2_ws/src/robot_actions/install/robot_actions/include/robot_actions/robot_actions/action/triangle.h
[13.199s] -- Up-to-date: /home/nourhane/ros2_ws/src/robot_actions/install/robot_actions/include/robot_actions/robot_actions/action/detail
[13.199s] -- Installing: /home/nourhane/ros2_ws/src/robot_actions/install/robot_actions/include/robot_actions/robot_actions/action/detail/triangle__functions.c
[13.200s] -- Installing: /home/nourhane/ros2_ws/src/robot_actions/install/robot_actions/include/robot_actions/robot_actions/action/detail/triangle__functions.h
[13.200s] -- Installing: /home/nourhane/ros2_ws/src/robot_actions/install/robot_actions/include/robot_actions/robot_actions/action/detail/move__functions.h
[13.200s] -- Installing: /home/nourhane/ros2_ws/src/robot_actions/install/robot_actions/include/robot_actions/robot_actions/action/detail/move__struct.h
[13.200s] -- Installing: /home/nourhane/ros2_ws/src/robot_actions/install/robot_actions/include/robot_actions/robot_actions/action/detail/move__type_support.h
[13.200s] -- Installing: /home/nourhane/ros2_ws/src/robot_actions/install/robot_actions/include/robot_actions/robot_actions/action/detail/triangle__type_support.h
[13.201s] -- Installing: /home/nourhane/ros2_ws/src/robot_actions/install/robot_actions/include/robot_actions/robot_actions/action/detail/triangle__struct.h
[13.201s] -- Installing: /home/nourhane/ros2_ws/src/robot_actions/install/robot_actions/include/robot_actions/robot_actions/action/detail/move__functions.c
[13.201s] -- Up-to-date: /home/nourhane/ros2_ws/src/robot_actions/install/robot_actions/include/robot_actions/robot_actions/msg
[13.202s] -- Up-to-date: /home/nourhane/ros2_ws/src/robot_actions/install/robot_actions/include/robot_actions/robot_actions/msg/rosidl_generator_c__visibility_control.h
[13.202s] -- Up-to-date: /home/nourhane/ros2_ws/src/robot_actions/install/robot_actions/share/robot_actions/environment/library_path.sh
[13.202s] -- Installing: /home/nourhane/ros2_ws/src/robot_actions/install/robot_actions/share/robot_actions/environment/library_path.dsv
[13.204s] -- Installing: /home/nourhane/ros2_ws/src/robot_actions/install/robot_actions/lib/librobot_actions__rosidl_generator_c.so
[13.205s] -- Set runtime path of "/home/nourhane/ros2_ws/src/robot_actions/install/robot_actions/lib/librobot_actions__rosidl_generator_c.so" to ""
[13.205s] -- Up-to-date: /home/nourhane/ros2_ws/src/robot_actions/install/robot_actions/include/robot_actions/robot_actions
[13.205s] -- Up-to-date: /home/nourhane/ros2_ws/src/robot_actions/install/robot_actions/include/robot_actions/robot_actions/action
[13.205s] -- Up-to-date: /home/nourhane/ros2_ws/src/robot_actions/install/robot_actions/include/robot_actions/robot_actions/action/detail
[13.206s] -- Installing: /home/nourhane/ros2_ws/src/robot_actions/install/robot_actions/include/robot_actions/robot_actions/action/detail/move__rosidl_typesupport_fastrtps_c.h
[13.206s] -- Installing: /home/nourhane/ros2_ws/src/robot_actions/install/robot_actions/include/robot_actions/robot_actions/action/detail/triangle__rosidl_typesupport_fastrtps_c.h
[13.206s] -- Up-to-date: /home/nourhane/ros2_ws/src/robot_actions/install/robot_actions/include/robot_actions/robot_actions/msg
[13.206s] -- Up-to-date: /home/nourhane/ros2_ws/src/robot_actions/install/robot_actions/include/robot_actions/robot_actions/msg/rosidl_typesupport_fastrtps_c__visibility_control.h
[13.207s] -- Installing: /home/nourhane/ros2_ws/src/robot_actions/install/robot_actions/lib/librobot_actions__rosidl_typesupport_fastrtps_c.so
[13.208s] -- Set runtime path of "/home/nourhane/ros2_ws/src/robot_actions/install/robot_actions/lib/librobot_actions__rosidl_typesupport_fastrtps_c.so" to ""
[13.208s] -- Up-to-date: /home/nourhane/ros2_ws/src/robot_actions/install/robot_actions/include/robot_actions/robot_actions
[13.208s] -- Up-to-date: /home/nourhane/ros2_ws/src/robot_actions/install/robot_actions/include/robot_actions/robot_actions/action
[13.208s] -- Up-to-date: /home/nourhane/ros2_ws/src/robot_actions/install/robot_actions/include/robot_actions/robot_actions/action/detail
[13.209s] -- Installing: /home/nourhane/ros2_ws/src/robot_actions/install/robot_actions/include/robot_actions/robot_actions/action/detail/triangle__rosidl_typesupport_introspection_c.h
[13.209s] -- Installing: /home/nourhane/ros2_ws/src/robot_actions/install/robot_actions/include/robot_actions/robot_actions/action/detail/move__type_support.c
[13.209s] -- Installing: /home/nourhane/ros2_ws/src/robot_actions/install/robot_actions/include/robot_actions/robot_actions/action/detail/move__rosidl_typesupport_introspection_c.h
[13.209s] -- Installing: /home/nourhane/ros2_ws/src/robot_actions/install/robot_actions/include/robot_actions/robot_actions/action/detail/triangle__type_support.c
[13.209s] -- Up-to-date: /home/nourhane/ros2_ws/src/robot_actions/install/robot_actions/include/robot_actions/robot_actions/msg
[13.209s] -- Up-to-date: /home/nourhane/ros2_ws/src/robot_actions/install/robot_actions/include/robot_actions/robot_actions/msg/rosidl_typesupport_introspection_c__visibility_control.h
[13.211s] -- Installing: /home/nourhane/ros2_ws/src/robot_actions/install/robot_actions/lib/librobot_actions__rosidl_typesupport_introspection_c.so
[13.212s] -- Set runtime path of "/home/nourhane/ros2_ws/src/robot_actions/install/robot_actions/lib/librobot_actions__rosidl_typesupport_introspection_c.so" to ""
[13.213s] -- Installing: /home/nourhane/ros2_ws/src/robot_actions/install/robot_actions/lib/librobot_actions__rosidl_typesupport_c.so
[13.214s] -- Set runtime path of "/home/nourhane/ros2_ws/src/robot_actions/install/robot_actions/lib/librobot_actions__rosidl_typesupport_c.so" to ""
[13.214s] -- Up-to-date: /home/nourhane/ros2_ws/src/robot_actions/install/robot_actions/include/robot_actions/robot_actions
[13.214s] -- Up-to-date: /home/nourhane/ros2_ws/src/robot_actions/install/robot_actions/include/robot_actions/robot_actions/action
[13.214s] -- Up-to-date: /home/nourhane/ros2_ws/src/robot_actions/install/robot_actions/include/robot_actions/robot_actions/action/detail
[13.214s] -- Installing: /home/nourhane/ros2_ws/src/robot_actions/install/robot_actions/include/robot_actions/robot_actions/action/detail/triangle__type_support.hpp
[13.214s] -- Installing: /home/nourhane/ros2_ws/src/robot_actions/install/robot_actions/include/robot_actions/robot_actions/action/detail/move__type_support.hpp
[13.215s] -- Installing: /home/nourhane/ros2_ws/src/robot_actions/install/robot_actions/include/robot_actions/robot_actions/action/detail/move__builder.hpp
[13.215s] -- Installing: /home/nourhane/ros2_ws/src/robot_actions/install/robot_actions/include/robot_actions/robot_actions/action/detail/move__traits.hpp
[13.215s] -- Installing: /home/nourhane/ros2_ws/src/robot_actions/install/robot_actions/include/robot_actions/robot_actions/action/detail/triangle__traits.hpp
[13.215s] -- Installing: /home/nourhane/ros2_ws/src/robot_actions/install/robot_actions/include/robot_actions/robot_actions/action/detail/move__struct.hpp
[13.215s] -- Installing: /home/nourhane/ros2_ws/src/robot_actions/install/robot_actions/include/robot_actions/robot_actions/action/detail/triangle__struct.hpp
[13.215s] -- Installing: /home/nourhane/ros2_ws/src/robot_actions/install/robot_actions/include/robot_actions/robot_actions/action/detail/triangle__builder.hpp
[13.216s] -- Installing: /home/nourhane/ros2_ws/src/robot_actions/install/robot_actions/include/robot_actions/robot_actions/action/triangle.hpp
[13.216s] -- Installing: /home/nourhane/ros2_ws/src/robot_actions/install/robot_actions/include/robot_actions/robot_actions/action/move.hpp
[13.216s] -- Up-to-date: /home/nourhane/ros2_ws/src/robot_actions/install/robot_actions/include/robot_actions/robot_actions/msg
[13.216s] -- Up-to-date: /home/nourhane/ros2_ws/src/robot_actions/install/robot_actions/include/robot_actions/robot_actions/msg/rosidl_generator_cpp__visibility_control.hpp
[13.216s] -- Up-to-date: /home/nourhane/ros2_ws/src/robot_actions/install/robot_actions/include/robot_actions/robot_actions
[13.217s] -- Up-to-date: /home/nourhane/ros2_ws/src/robot_actions/install/robot_actions/include/robot_actions/robot_actions/action
[13.217s] -- Up-to-date: /home/nourhane/ros2_ws/src/robot_actions/install/robot_actions/include/robot_actions/robot_actions/action/detail
[13.217s] -- Installing: /home/nourhane/ros2_ws/src/robot_actions/install/robot_actions/include/robot_actions/robot_actions/action/detail/triangle__rosidl_typesupport_fastrtps_cpp.hpp
[13.217s] -- Up-to-date: /home/nourhane/ros2_ws/src/robot_actions/install/robot_actions/include/robot_actions/robot_actions/action/detail/dds_fastrtps
[13.217s] -- Installing: /home/nourhane/ros2_ws/src/robot_actions/install/robot_actions/include/robot_actions/robot_actions/action/detail/move__rosidl_typesupport_fastrtps_cpp.hpp
[13.217s] -- Up-to-date: /home/nourhane/ros2_ws/src/robot_actions/install/robot_actions/include/robot_actions/robot_actions/msg
[13.217s] -- Up-to-date: /home/nourhane/ros2_ws/src/robot_actions/install/robot_actions/include/robot_actions/robot_actions/msg/rosidl_typesupport_fastrtps_cpp__visibility_control.h
[13.219s] -- Installing: /home/nourhane/ros2_ws/src/robot_actions/install/robot_actions/lib/librobot_actions__rosidl_typesupport_fastrtps_cpp.so
[13.219s] -- Set runtime path of "/home/nourhane/ros2_ws/src/robot_actions/install/robot_actions/lib/librobot_actions__rosidl_typesupport_fastrtps_cpp.so" to ""
[13.220s] -- Up-to-date: /home/nourhane/ros2_ws/src/robot_actions/install/robot_actions/include/robot_actions/robot_actions
[13.220s] -- Up-to-date: /home/nourhane/ros2_ws/src/robot_actions/install/robot_actions/include/robot_actions/robot_actions/action
[13.220s] -- Up-to-date: /home/nourhane/ros2_ws/src/robot_actions/install/robot_actions/include/robot_actions/robot_actions/action/detail
[13.220s] -- Installing: /home/nourhane/ros2_ws/src/robot_actions/install/robot_actions/include/robot_actions/robot_actions/action/detail/move__type_support.cpp
[13.220s] -- Installing: /home/nourhane/ros2_ws/src/robot_actions/install/robot_actions/include/robot_actions/robot_actions/action/detail/triangle__rosidl_typesupport_introspection_cpp.hpp
[13.220s] -- Installing: /home/nourhane/ros2_ws/src/robot_actions/install/robot_actions/include/robot_actions/robot_actions/action/detail/triangle__type_support.cpp
[13.221s] -- Installing: /home/nourhane/ros2_ws/src/robot_actions/install/robot_actions/include/robot_actions/robot_actions/action/detail/move__rosidl_typesupport_introspection_cpp.hpp
[13.222s] -- Installing: /home/nourhane/ros2_ws/src/robot_actions/install/robot_actions/lib/librobot_actions__rosidl_typesupport_introspection_cpp.so
[13.223s] -- Set runtime path of "/home/nourhane/ros2_ws/src/robot_actions/install/robot_actions/lib/librobot_actions__rosidl_typesupport_introspection_cpp.so" to ""
[13.224s] -- Installing: /home/nourhane/ros2_ws/src/robot_actions/install/robot_actions/lib/librobot_actions__rosidl_typesupport_cpp.so
[13.225s] -- Set runtime path of "/home/nourhane/ros2_ws/src/robot_actions/install/robot_actions/lib/librobot_actions__rosidl_typesupport_cpp.so" to ""
[13.225s] -- Up-to-date: /home/nourhane/ros2_ws/src/robot_actions/install/robot_actions/share/robot_actions/environment/pythonpath.sh
[13.225s] -- Installing: /home/nourhane/ros2_ws/src/robot_actions/install/robot_actions/share/robot_actions/environment/pythonpath.dsv
[13.225s] -- Up-to-date: /home/nourhane/ros2_ws/src/robot_actions/install/robot_actions/local/lib/python3.10/dist-packages/robot_actions-0.0.0-py3.10.egg-info
[13.225s] -- Installing: /home/nourhane/ros2_ws/src/robot_actions/install/robot_actions/local/lib/python3.10/dist-packages/robot_actions-0.0.0-py3.10.egg-info/dependency_links.txt
[13.225s] -- Installing: /home/nourhane/ros2_ws/src/robot_actions/install/robot_actions/local/lib/python3.10/dist-packages/robot_actions-0.0.0-py3.10.egg-info/SOURCES.txt
[13.226s] -- Installing: /home/nourhane/ros2_ws/src/robot_actions/install/robot_actions/local/lib/python3.10/dist-packages/robot_actions-0.0.0-py3.10.egg-info/PKG-INFO
[13.226s] -- Installing: /home/nourhane/ros2_ws/src/robot_actions/install/robot_actions/local/lib/python3.10/dist-packages/robot_actions-0.0.0-py3.10.egg-info/top_level.txt
[13.226s] -- Up-to-date: /home/nourhane/ros2_ws/src/robot_actions/install/robot_actions/local/lib/python3.10/dist-packages/robot_actions
[13.226s] -- Up-to-date: /home/nourhane/ros2_ws/src/robot_actions/install/robot_actions/local/lib/python3.10/dist-packages/robot_actions/action
[13.226s] -- Installing: /home/nourhane/ros2_ws/src/robot_actions/install/robot_actions/local/lib/python3.10/dist-packages/robot_actions/action/_triangle_s.c
[13.226s] -- Installing: /home/nourhane/ros2_ws/src/robot_actions/install/robot_actions/local/lib/python3.10/dist-packages/robot_actions/action/_move.py
[13.227s] -- Installing: /home/nourhane/ros2_ws/src/robot_actions/install/robot_actions/local/lib/python3.10/dist-packages/robot_actions/action/_move_s.c
[13.227s] -- Installing: /home/nourhane/ros2_ws/src/robot_actions/install/robot_actions/local/lib/python3.10/dist-packages/robot_actions/action/_triangle.py
[13.227s] -- Installing: /home/nourhane/ros2_ws/src/robot_actions/install/robot_actions/local/lib/python3.10/dist-packages/robot_actions/action/__init__.py
[13.227s] -- Installing: /home/nourhane/ros2_ws/src/robot_actions/install/robot_actions/local/lib/python3.10/dist-packages/robot_actions/_robot_actions_s.ep.rosidl_typesupport_c.c
[13.228s] -- Installing: /home/nourhane/ros2_ws/src/robot_actions/install/robot_actions/local/lib/python3.10/dist-packages/robot_actions/robot_actions_s__rosidl_typesupport_introspection_c.cpython-310-x86_64-linux-gnu.so
[13.228s] -- Installing: /home/nourhane/ros2_ws/src/robot_actions/install/robot_actions/local/lib/python3.10/dist-packages/robot_actions/robot_actions_s__rosidl_typesupport_fastrtps_c.cpython-310-x86_64-linux-gnu.so
[13.228s] -- Installing: /home/nourhane/ros2_ws/src/robot_actions/install/robot_actions/local/lib/python3.10/dist-packages/robot_actions/_robot_actions_s.ep.rosidl_typesupport_fastrtps_c.c
[13.228s] -- Installing: /home/nourhane/ros2_ws/src/robot_actions/install/robot_actions/local/lib/python3.10/dist-packages/robot_actions/librobot_actions__rosidl_generator_py.so
[13.229s] -- Installing: /home/nourhane/ros2_ws/src/robot_actions/install/robot_actions/local/lib/python3.10/dist-packages/robot_actions/__init__.py
[13.229s] -- Installing: /home/nourhane/ros2_ws/src/robot_actions/install/robot_actions/local/lib/python3.10/dist-packages/robot_actions/_robot_actions_s.ep.rosidl_typesupport_introspection_c.c
[13.229s] -- Installing: /home/nourhane/ros2_ws/src/robot_actions/install/robot_actions/local/lib/python3.10/dist-packages/robot_actions/robot_actions_s__rosidl_typesupport_c.cpython-310-x86_64-linux-gnu.so
[13.309s] Listing '/home/nourhane/ros2_ws/src/robot_actions/install/robot_actions/local/lib/python3.10/dist-packages/robot_actions'...
[13.309s] Compiling '/home/nourhane/ros2_ws/src/robot_actions/install/robot_actions/local/lib/python3.10/dist-packages/robot_actions/__init__.py'...
[13.309s] Listing '/home/nourhane/ros2_ws/src/robot_actions/install/robot_actions/local/lib/python3.10/dist-packages/robot_actions/action'...
[13.309s] Compiling '/home/nourhane/ros2_ws/src/robot_actions/install/robot_actions/local/lib/python3.10/dist-packages/robot_actions/action/__init__.py'...
[13.309s] Compiling '/home/nourhane/ros2_ws/src/robot_actions/install/robot_actions/local/lib/python3.10/dist-packages/robot_actions/action/_move.py'...
[13.310s] Compiling '/home/nourhane/ros2_ws/src/robot_actions/install/robot_actions/local/lib/python3.10/dist-packages/robot_actions/action/_triangle.py'...
[13.316s] -- Installing: /home/nourhane/ros2_ws/src/robot_actions/install/robot_actions/local/lib/python3.10/dist-packages/robot_actions/robot_actions_s__rosidl_typesupport_fastrtps_c.cpython-310-x86_64-linux-gnu.so
[13.316s] -- Set runtime path of "/home/nourhane/ros2_ws/src/robot_actions/install/robot_actions/local/lib/python3.10/dist-packages/robot_actions/robot_actions_s__rosidl_typesupport_fastrtps_c.cpython-310-x86_64-linux-gnu.so" to ""
[13.317s] -- Installing: /home/nourhane/ros2_ws/src/robot_actions/install/robot_actions/local/lib/python3.10/dist-packages/robot_actions/robot_actions_s__rosidl_typesupport_introspection_c.cpython-310-x86_64-linux-gnu.so
[13.318s] -- Set runtime path of "/home/nourhane/ros2_ws/src/robot_actions/install/robot_actions/local/lib/python3.10/dist-packages/robot_actions/robot_actions_s__rosidl_typesupport_introspection_c.cpython-310-x86_64-linux-gnu.so" to ""
[13.318s] -- Installing: /home/nourhane/ros2_ws/src/robot_actions/install/robot_actions/local/lib/python3.10/dist-packages/robot_actions/robot_actions_s__rosidl_typesupport_c.cpython-310-x86_64-linux-gnu.so
[13.319s] -- Set runtime path of "/home/nourhane/ros2_ws/src/robot_actions/install/robot_actions/local/lib/python3.10/dist-packages/robot_actions/robot_actions_s__rosidl_typesupport_c.cpython-310-x86_64-linux-gnu.so" to ""
[13.321s] -- Installing: /home/nourhane/ros2_ws/src/robot_actions/install/robot_actions/lib/librobot_actions__rosidl_generator_py.so
[13.322s] -- Set runtime path of "/home/nourhane/ros2_ws/src/robot_actions/install/robot_actions/lib/librobot_actions__rosidl_generator_py.so" to ""
[13.323s] -- Up-to-date: /home/nourhane/ros2_ws/src/robot_actions/install/robot_actions/share/robot_actions/action/Move.idl
[13.323s] -- Installing: /home/nourhane/ros2_ws/src/robot_actions/install/robot_actions/share/robot_actions/action/Triangle.idl
[13.323s] -- Up-to-date: /home/nourhane/ros2_ws/src/robot_actions/install/robot_actions/share/robot_actions/actions/Move.action
[13.323s] -- Installing: /home/nourhane/ros2_ws/src/robot_actions/install/robot_actions/share/robot_actions/actions/Triangle.action
[13.323s] -- Up-to-date: /home/nourhane/ros2_ws/src/robot_actions/install/robot_actions/share/ament_index/resource_index/package_run_dependencies/robot_actions
[13.324s] -- Up-to-date: /home/nourhane/ros2_ws/src/robot_actions/install/robot_actions/share/ament_index/resource_index/parent_prefix_path/robot_actions
[13.324s] -- Up-to-date: /home/nourhane/ros2_ws/src/robot_actions/install/robot_actions/share/robot_actions/environment/ament_prefix_path.sh
[13.324s] -- Installing: /home/nourhane/ros2_ws/src/robot_actions/install/robot_actions/share/robot_actions/environment/ament_prefix_path.dsv
[13.324s] -- Up-to-date: /home/nourhane/ros2_ws/src/robot_actions/install/robot_actions/share/robot_actions/environment/path.sh
[13.325s] -- Installing: /home/nourhane/ros2_ws/src/robot_actions/install/robot_actions/share/robot_actions/environment/path.dsv
[13.325s] -- Up-to-date: /home/nourhane/ros2_ws/src/robot_actions/install/robot_actions/share/robot_actions/local_setup.bash
[13.325s] -- Up-to-date: /home/nourhane/ros2_ws/src/robot_actions/install/robot_actions/share/robot_actions/local_setup.sh
[13.325s] -- Up-to-date: /home/nourhane/ros2_ws/src/robot_actions/install/robot_actions/share/robot_actions/local_setup.zsh
[13.325s] -- Installing: /home/nourhane/ros2_ws/src/robot_actions/install/robot_actions/share/robot_actions/local_setup.dsv
[13.325s] -- Installing: /home/nourhane/ros2_ws/src/robot_actions/install/robot_actions/share/robot_actions/package.dsv
[13.326s] -- Up-to-date: /home/nourhane/ros2_ws/src/robot_actions/install/robot_actions/share/ament_index/resource_index/packages/robot_actions
[13.326s] -- Up-to-date: /home/nourhane/ros2_ws/src/robot_actions/install/robot_actions/share/robot_actions/cmake/export_robot_actions__rosidl_generator_cExport.cmake
[13.326s] -- Up-to-date: /home/nourhane/ros2_ws/src/robot_actions/install/robot_actions/share/robot_actions/cmake/export_robot_actions__rosidl_generator_cExport-noconfig.cmake
[13.326s] -- Up-to-date: /home/nourhane/ros2_ws/src/robot_actions/install/robot_actions/share/robot_actions/cmake/export_robot_actions__rosidl_typesupport_fastrtps_cExport.cmake
[13.327s] -- Up-to-date: /home/nourhane/ros2_ws/src/robot_actions/install/robot_actions/share/robot_actions/cmake/export_robot_actions__rosidl_typesupport_fastrtps_cExport-noconfig.cmake
[13.328s] -- Up-to-date: /home/nourhane/ros2_ws/src/robot_actions/install/robot_actions/share/robot_actions/cmake/robot_actions__rosidl_typesupport_introspection_cExport.cmake
[13.328s] -- Up-to-date: /home/nourhane/ros2_ws/src/robot_actions/install/robot_actions/share/robot_actions/cmake/robot_actions__rosidl_typesupport_introspection_cExport-noconfig.cmake
[13.329s] -- Up-to-date: /home/nourhane/ros2_ws/src/robot_actions/install/robot_actions/share/robot_actions/cmake/robot_actions__rosidl_typesupport_cExport.cmake
[13.329s] -- Up-to-date: /home/nourhane/ros2_ws/src/robot_actions/install/robot_actions/share/robot_actions/cmake/robot_actions__rosidl_typesupport_cExport-noconfig.cmake
[13.330s] -- Up-to-date: /home/nourhane/ros2_ws/src/robot_actions/install/robot_actions/share/robot_actions/cmake/export_robot_actions__rosidl_generator_cppExport.cmake
[13.331s] -- Up-to-date: /home/nourhane/ros2_ws/src/robot_actions/install/robot_actions/share/robot_actions/cmake/export_robot_actions__rosidl_typesupport_fastrtps_cppExport.cmake
[13.331s] -- Up-to-date: /home/nourhane/ros2_ws/src/robot_actions/install/robot_actions/share/robot_actions/cmake/export_robot_actions__rosidl_typesupport_fastrtps_cppExport-noconfig.cmake
[13.332s] -- Up-to-date: /home/nourhane/ros2_ws/src/robot_actions/install/robot_actions/share/robot_actions/cmake/robot_actions__rosidl_typesupport_introspection_cppExport.cmake
[13.332s] -- Up-to-date: /home/nourhane/ros2_ws/src/robot_actions/install/robot_actions/share/robot_actions/cmake/robot_actions__rosidl_typesupport_introspection_cppExport-noconfig.cmake
[13.333s] -- Up-to-date: /home/nourhane/ros2_ws/src/robot_actions/install/robot_actions/share/robot_actions/cmake/robot_actions__rosidl_typesupport_cppExport.cmake
[13.333s] -- Up-to-date: /home/nourhane/ros2_ws/src/robot_actions/install/robot_actions/share/robot_actions/cmake/robot_actions__rosidl_typesupport_cppExport-noconfig.cmake
[13.334s] -- Up-to-date: /home/nourhane/ros2_ws/src/robot_actions/install/robot_actions/share/robot_actions/cmake/export_robot_actions__rosidl_generator_pyExport.cmake
[13.334s] -- Up-to-date: /home/nourhane/ros2_ws/src/robot_actions/install/robot_actions/share/robot_actions/cmake/export_robot_actions__rosidl_generator_pyExport-noconfig.cmake
[13.335s] -- Up-to-date: /home/nourhane/ros2_ws/src/robot_actions/install/robot_actions/share/robot_actions/cmake/rosidl_cmake-extras.cmake
[13.335s] -- Up-to-date: /home/nourhane/ros2_ws/src/robot_actions/install/robot_actions/share/robot_actions/cmake/ament_cmake_export_dependencies-extras.cmake
[13.335s] -- Up-to-date: /home/nourhane/ros2_ws/src/robot_actions/install/robot_actions/share/robot_actions/cmake/ament_cmake_export_include_directories-extras.cmake
[13.335s] -- Up-to-date: /home/nourhane/ros2_ws/src/robot_actions/install/robot_actions/share/robot_actions/cmake/ament_cmake_export_libraries-extras.cmake
[13.335s] -- Up-to-date: /home/nourhane/ros2_ws/src/robot_actions/install/robot_actions/share/robot_actions/cmake/ament_cmake_export_targets-extras.cmake
[13.335s] -- Up-to-date: /home/nourhane/ros2_ws/src/robot_actions/install/robot_actions/share/robot_actions/cmake/rosidl_cmake_export_typesupport_targets-extras.cmake
[13.335s] -- Up-to-date: /home/nourhane/ros2_ws/src/robot_actions/install/robot_actions/share/robot_actions/cmake/rosidl_cmake_export_typesupport_libraries-extras.cmake
[13.335s] -- Up-to-date: /home/nourhane/ros2_ws/src/robot_actions/install/robot_actions/share/robot_actions/cmake/robot_actionsConfig.cmake
[13.336s] -- Up-to-date: /home/nourhane/ros2_ws/src/robot_actions/install/robot_actions/share/robot_actions/cmake/robot_actionsConfig-version.cmake
[13.336s] -- Up-to-date: /home/nourhane/ros2_ws/src/robot_actions/install/robot_actions/share/robot_actions/package.xml
[13.338s] Invoked command in '/home/nourhane/ros2_ws/src/robot_actions/build/robot_actions' returned '0': CMAKE_PREFIX_PATH=${CMAKE_PREFIX_PATH}:/home/nourhane/turtlebot3_ws/install/turtlebot3_teleop:/home/nourhane/turtlebot3_ws/install/turtlebot3_example:/opt/ros/humble /usr/bin/cmake --install /home/nourhane/ros2_ws/src/robot_actions/build/robot_actions
