-- Found ament_cmake: 1.3.11 (/opt/ros/humble/share/ament_cmake/cmake)
-- Found rosidl_default_generators: 1.2.0 (/opt/ros/humble/share/rosidl_default_generators/cmake)
-- Using all available rosidl_typesupport_c: rosidl_typesupport_fastrtps_c;rosidl_typesupport_introspection_c
-- Found rosidl_adapter: 3.1.6 (/opt/ros/humble/share/rosidl_adapter/cmake)
-- Using all available rosidl_typesupport_cpp: rosidl_typesupport_fastrtps_cpp;rosidl_typesupport_introspection_cpp
-- Found action_msgs: 1.2.1 (/opt/ros/humble/share/action_msgs/cmake)
-- Found std_msgs: 4.8.0 (/opt/ros/humble/share/std_msgs/cmake)
-- Found geometry_msgs: 4.8.0 (/opt/ros/humble/share/geometry_msgs/cmake)
-- Found ament_lint_auto: 0.12.12 (/opt/ros/humble/share/ament_lint_auto/cmake)
-- Found ament_cmake_ros: 0.10.0 (/opt/ros/humble/share/ament_cmake_ros/cmake)
-- Using all available rosidl_typesupport_c: rosidl_typesupport_fastrtps_c;rosidl_typesupport_introspection_c
-- Using all available rosidl_typesupport_cpp: rosidl_typesupport_fastrtps_cpp;rosidl_typesupport_introspection_cpp
-- Found PythonInterp: /usr/bin/python3 (found suitable version "3.10.12", minimum required is "3.6") 
-- Found python_cmake_module: 0.10.0 (/opt/ros/humble/share/python_cmake_module/cmake)
-- Found PythonLibs: /usr/lib/x86_64-linux-gnu/libpython3.10.so (found suitable version "3.10.12", minimum required is "3.5") 
-- Using PYTHON_EXECUTABLE: /usr/bin/python3
-- Using PYTHON_INCLUDE_DIRS: /usr/include/python3.10
-- Using PYTHON_LIBRARIES: /usr/lib/x86_64-linux-gnu/libpython3.10.so
-- Found PythonExtra: .so  
-- Added test 'cppcheck' to perform static code analysis on C / C++ code
-- Configured cppcheck include dirs: $<BUILD_INTERFACE:/home/nourhane/ros2_ws/src/robot_actions/build/robot_actions/rosidl_generator_c>;$<BUILD_INTERFACE:/home/nourhane/ros2_ws/src/robot_actions/build/robot_actions/rosidl_typesupport_fastrtps_c>;$<BUILD_INTERFACE:/home/nourhane/ros2_ws/src/robot_actions/build/robot_actions/rosidl_typesupport_introspection_c>;$<BUILD_INTERFACE:/home/nourhane/ros2_ws/src/robot_actions/build/robot_actions/rosidl_generator_cpp>;$<BUILD_INTERFACE:/home/nourhane/ros2_ws/src/robot_actions/build/robot_actions/rosidl_typesupport_fastrtps_cpp>;$<BUILD_INTERFACE:/home/nourhane/ros2_ws/src/robot_actions/build/robot_actions/rosidl_typesupport_introspection_cpp>;/home/nourhane/ros2_ws/src/robot_actions/build/robot_actions/rosidl_generator_c;/home/nourhane/ros2_ws/src/robot_actions/build/robot_actions/rosidl_generator_py
-- Configured cppcheck exclude dirs and/or files: 
-- Added test 'flake8' to check Python code syntax and style conventions
-- Added test 'lint_cmake' to check CMake code style
-- Added test 'pep257' to check Python code against some of the docstring style conventions in PEP 257
-- Added test 'uncrustify' to check C / C++ code style
-- Configured uncrustify additional arguments: 
-- Added test 'xmllint' to check XML markup files
-- Configuring done
-- Generating done
-- Build files have been written to: /home/nourhane/ros2_ws/src/robot_actions/build/robot_actions
[  2%] [34m[1mGenerating C code for ROS interfaces[0m
[  5%] [34m[1mGenerating C++ code for ROS interfaces[0m
[  5%] Built target ament_cmake_python_copy_robot_actions
running egg_info
creating robot_actions.egg-info
writing robot_actions.egg-info/PKG-INFO
writing dependency_links to robot_actions.egg-info/dependency_links.txt
writing top-level names to robot_actions.egg-info/top_level.txt
writing manifest file 'robot_actions.egg-info/SOURCES.txt'
reading manifest file 'robot_actions.egg-info/SOURCES.txt'
writing manifest file 'robot_actions.egg-info/SOURCES.txt'
[  5%] Built target ament_cmake_python_build_robot_actions_egg
[  5%] Built target robot_actions__cpp
[  7%] [34m[1mGenerating C++ introspection for ROS interfaces[0m
[ 10%] [34m[1mGenerating C++ type support dispatch for ROS interfaces[0m
[ 12%] [34m[1mGenerating C++ type support for eProsima Fast-RTPS[0m
[ 15%] [32mBuilding C object CMakeFiles/robot_actions__rosidl_generator_c.dir/rosidl_generator_c/robot_actions/action/detail/move__functions.c.o[0m
[ 17%] [32mBuilding C object CMakeFiles/robot_actions__rosidl_generator_c.dir/rosidl_generator_c/robot_actions/action/detail/triangle__functions.c.o[0m
[ 20%] [32m[1mLinking C shared library librobot_actions__rosidl_generator_c.so[0m
[ 20%] Built target robot_actions__rosidl_generator_c
[ 23%] [34m[1mGenerating C type support for eProsima Fast-RTPS[0m
[ 25%] [32mBuilding CXX object CMakeFiles/robot_actions__rosidl_typesupport_cpp.dir/rosidl_typesupport_cpp/robot_actions/action/move__type_support.cpp.o[0m
[ 28%] [32mBuilding CXX object CMakeFiles/robot_actions__rosidl_typesupport_introspection_cpp.dir/rosidl_typesupport_introspection_cpp/robot_actions/action/detail/move__type_support.cpp.o[0m
[ 30%] [32mBuilding CXX object CMakeFiles/robot_actions__rosidl_typesupport_fastrtps_cpp.dir/rosidl_typesupport_fastrtps_cpp/robot_actions/action/detail/dds_fastrtps/move__type_support.cpp.o[0m
[ 33%] [32mBuilding CXX object CMakeFiles/robot_actions__rosidl_typesupport_cpp.dir/rosidl_typesupport_cpp/robot_actions/action/triangle__type_support.cpp.o[0m
[ 35%] [32mBuilding CXX object CMakeFiles/robot_actions__rosidl_typesupport_fastrtps_c.dir/rosidl_typesupport_fastrtps_c/robot_actions/action/detail/move__type_support_c.cpp.o[0m
[ 38%] [32mBuilding CXX object CMakeFiles/robot_actions__rosidl_typesupport_introspection_cpp.dir/rosidl_typesupport_introspection_cpp/robot_actions/action/detail/triangle__type_support.cpp.o[0m
[ 41%] [32mBuilding CXX object CMakeFiles/robot_actions__rosidl_typesupport_fastrtps_cpp.dir/rosidl_typesupport_fastrtps_cpp/robot_actions/action/detail/dds_fastrtps/triangle__type_support.cpp.o[0m
[ 43%] [32m[1mLinking CXX shared library librobot_actions__rosidl_typesupport_cpp.so[0m
[ 43%] Built target robot_actions__rosidl_typesupport_cpp
[ 46%] [34m[1mGenerating C introspection for ROS interfaces[0m
[ 48%] [32mBuilding CXX object CMakeFiles/robot_actions__rosidl_typesupport_fastrtps_c.dir/rosidl_typesupport_fastrtps_c/robot_actions/action/detail/triangle__type_support_c.cpp.o[0m
[ 51%] [32m[1mLinking CXX shared library librobot_actions__rosidl_typesupport_introspection_cpp.so[0m
[ 53%] [32m[1mLinking CXX shared library librobot_actions__rosidl_typesupport_fastrtps_cpp.so[0m
[ 53%] Built target robot_actions__rosidl_typesupport_introspection_cpp
[ 56%] [32m[1mLinking CXX shared library librobot_actions__rosidl_typesupport_fastrtps_c.so[0m
[ 58%] [34m[1mGenerating C type support dispatch for ROS interfaces[0m
[ 58%] Built target robot_actions__rosidl_typesupport_fastrtps_cpp
[ 58%] Built target robot_actions__rosidl_typesupport_fastrtps_c
[ 61%] [32mBuilding C object CMakeFiles/robot_actions__rosidl_typesupport_introspection_c.dir/rosidl_typesupport_introspection_c/robot_actions/action/detail/move__type_support.c.o[0m
[ 64%] [32mBuilding C object CMakeFiles/robot_actions__rosidl_typesupport_introspection_c.dir/rosidl_typesupport_introspection_c/robot_actions/action/detail/triangle__type_support.c.o[0m
[ 66%] [32m[1mLinking C shared library librobot_actions__rosidl_typesupport_introspection_c.so[0m
[ 66%] Built target robot_actions__rosidl_typesupport_introspection_c
[ 69%] [32mBuilding CXX object CMakeFiles/robot_actions__rosidl_typesupport_c.dir/rosidl_typesupport_c/robot_actions/action/triangle__type_support.cpp.o[0m
[ 71%] [32mBuilding CXX object CMakeFiles/robot_actions__rosidl_typesupport_c.dir/rosidl_typesupport_c/robot_actions/action/move__type_support.cpp.o[0m
[ 74%] [32m[1mLinking CXX shared library librobot_actions__rosidl_typesupport_c.so[0m
[ 74%] Built target robot_actions__rosidl_typesupport_c
[ 74%] Built target robot_actions
[ 76%] [34m[1mGenerating Python code for ROS interfaces[0m
[ 76%] Built target robot_actions__py
[ 79%] [32mBuilding C object CMakeFiles/robot_actions__rosidl_generator_py.dir/rosidl_generator_py/robot_actions/action/_triangle_s.c.o[0m
[ 82%] [32mBuilding C object CMakeFiles/robot_actions__rosidl_generator_py.dir/rosidl_generator_py/robot_actions/action/_move_s.c.o[0m
[ 84%] [32m[1mLinking C shared library rosidl_generator_py/robot_actions/librobot_actions__rosidl_generator_py.so[0m
[ 84%] Built target robot_actions__rosidl_generator_py
[ 89%] [32mBuilding C object CMakeFiles/robot_actions__rosidl_typesupport_introspection_c__pyext.dir/rosidl_generator_py/robot_actions/_robot_actions_s.ep.rosidl_typesupport_introspection_c.c.o[0m
[ 89%] [32mBuilding C object CMakeFiles/robot_actions__rosidl_typesupport_fastrtps_c__pyext.dir/rosidl_generator_py/robot_actions/_robot_actions_s.ep.rosidl_typesupport_fastrtps_c.c.o[0m
[ 92%] [32mBuilding C object CMakeFiles/robot_actions__rosidl_typesupport_c__pyext.dir/rosidl_generator_py/robot_actions/_robot_actions_s.ep.rosidl_typesupport_c.c.o[0m
[ 94%] [32m[1mLinking C shared library rosidl_generator_py/robot_actions/robot_actions_s__rosidl_typesupport_fastrtps_c.cpython-310-x86_64-linux-gnu.so[0m
[ 97%] [32m[1mLinking C shared library rosidl_generator_py/robot_actions/robot_actions_s__rosidl_typesupport_introspection_c.cpython-310-x86_64-linux-gnu.so[0m
[100%] [32m[1mLinking C shared library rosidl_generator_py/robot_actions/robot_actions_s__rosidl_typesupport_c.cpython-310-x86_64-linux-gnu.so[0m
[100%] Built target robot_actions__rosidl_typesupport_introspection_c__pyext
[100%] Built target robot_actions__rosidl_typesupport_fastrtps_c__pyext
[100%] Built target robot_actions__rosidl_typesupport_c__pyext
-- Install configuration: ""
-- Installing: /home/nourhane/ros2_ws/src/robot_actions/install/robot_actions/share/ament_index/resource_index/rosidl_interfaces/robot_actions
-- Installing: /home/nourhane/ros2_ws/src/robot_actions/install/robot_actions/include/robot_actions/robot_actions
-- Installing: /home/nourhane/ros2_ws/src/robot_actions/install/robot_actions/include/robot_actions/robot_actions/action
-- Installing: /home/nourhane/ros2_ws/src/robot_actions/install/robot_actions/include/robot_actions/robot_actions/action/move.h
-- Installing: /home/nourhane/ros2_ws/src/robot_actions/install/robot_actions/include/robot_actions/robot_actions/action/triangle.h
-- Installing: /home/nourhane/ros2_ws/src/robot_actions/install/robot_actions/include/robot_actions/robot_actions/action/detail
-- Installing: /home/nourhane/ros2_ws/src/robot_actions/install/robot_actions/include/robot_actions/robot_actions/action/detail/triangle__functions.c
-- Installing: /home/nourhane/ros2_ws/src/robot_actions/install/robot_actions/include/robot_actions/robot_actions/action/detail/triangle__functions.h
-- Installing: /home/nourhane/ros2_ws/src/robot_actions/install/robot_actions/include/robot_actions/robot_actions/action/detail/move__functions.h
-- Installing: /home/nourhane/ros2_ws/src/robot_actions/install/robot_actions/include/robot_actions/robot_actions/action/detail/move__struct.h
-- Installing: /home/nourhane/ros2_ws/src/robot_actions/install/robot_actions/include/robot_actions/robot_actions/action/detail/move__type_support.h
-- Installing: /home/nourhane/ros2_ws/src/robot_actions/install/robot_actions/include/robot_actions/robot_actions/action/detail/triangle__type_support.h
-- Installing: /home/nourhane/ros2_ws/src/robot_actions/install/robot_actions/include/robot_actions/robot_actions/action/detail/triangle__struct.h
-- Installing: /home/nourhane/ros2_ws/src/robot_actions/install/robot_actions/include/robot_actions/robot_actions/action/detail/move__functions.c
-- Installing: /home/nourhane/ros2_ws/src/robot_actions/install/robot_actions/include/robot_actions/robot_actions/msg
-- Installing: /home/nourhane/ros2_ws/src/robot_actions/install/robot_actions/include/robot_actions/robot_actions/msg/rosidl_generator_c__visibility_control.h
-- Installing: /home/nourhane/ros2_ws/src/robot_actions/install/robot_actions/share/robot_actions/environment/library_path.sh
-- Installing: /home/nourhane/ros2_ws/src/robot_actions/install/robot_actions/share/robot_actions/environment/library_path.dsv
-- Installing: /home/nourhane/ros2_ws/src/robot_actions/install/robot_actions/lib/librobot_actions__rosidl_generator_c.so
-- Set runtime path of "/home/nourhane/ros2_ws/src/robot_actions/install/robot_actions/lib/librobot_actions__rosidl_generator_c.so" to ""
-- Up-to-date: /home/nourhane/ros2_ws/src/robot_actions/install/robot_actions/include/robot_actions/robot_actions
-- Up-to-date: /home/nourhane/ros2_ws/src/robot_actions/install/robot_actions/include/robot_actions/robot_actions/action
-- Up-to-date: /home/nourhane/ros2_ws/src/robot_actions/install/robot_actions/include/robot_actions/robot_actions/action/detail
-- Installing: /home/nourhane/ros2_ws/src/robot_actions/install/robot_actions/include/robot_actions/robot_actions/action/detail/move__rosidl_typesupport_fastrtps_c.h
-- Installing: /home/nourhane/ros2_ws/src/robot_actions/install/robot_actions/include/robot_actions/robot_actions/action/detail/triangle__rosidl_typesupport_fastrtps_c.h
-- Up-to-date: /home/nourhane/ros2_ws/src/robot_actions/install/robot_actions/include/robot_actions/robot_actions/msg
-- Installing: /home/nourhane/ros2_ws/src/robot_actions/install/robot_actions/include/robot_actions/robot_actions/msg/rosidl_typesupport_fastrtps_c__visibility_control.h
-- Installing: /home/nourhane/ros2_ws/src/robot_actions/install/robot_actions/lib/librobot_actions__rosidl_typesupport_fastrtps_c.so
-- Set runtime path of "/home/nourhane/ros2_ws/src/robot_actions/install/robot_actions/lib/librobot_actions__rosidl_typesupport_fastrtps_c.so" to ""
-- Up-to-date: /home/nourhane/ros2_ws/src/robot_actions/install/robot_actions/include/robot_actions/robot_actions
-- Up-to-date: /home/nourhane/ros2_ws/src/robot_actions/install/robot_actions/include/robot_actions/robot_actions/action
-- Up-to-date: /home/nourhane/ros2_ws/src/robot_actions/install/robot_actions/include/robot_actions/robot_actions/action/detail
-- Installing: /home/nourhane/ros2_ws/src/robot_actions/install/robot_actions/include/robot_actions/robot_actions/action/detail/triangle__rosidl_typesupport_introspection_c.h
-- Installing: /home/nourhane/ros2_ws/src/robot_actions/install/robot_actions/include/robot_actions/robot_actions/action/detail/move__type_support.c
-- Installing: /home/nourhane/ros2_ws/src/robot_actions/install/robot_actions/include/robot_actions/robot_actions/action/detail/move__rosidl_typesupport_introspection_c.h
-- Installing: /home/nourhane/ros2_ws/src/robot_actions/install/robot_actions/include/robot_actions/robot_actions/action/detail/triangle__type_support.c
-- Up-to-date: /home/nourhane/ros2_ws/src/robot_actions/install/robot_actions/include/robot_actions/robot_actions/msg
-- Installing: /home/nourhane/ros2_ws/src/robot_actions/install/robot_actions/include/robot_actions/robot_actions/msg/rosidl_typesupport_introspection_c__visibility_control.h
-- Installing: /home/nourhane/ros2_ws/src/robot_actions/install/robot_actions/lib/librobot_actions__rosidl_typesupport_introspection_c.so
-- Set runtime path of "/home/nourhane/ros2_ws/src/robot_actions/install/robot_actions/lib/librobot_actions__rosidl_typesupport_introspection_c.so" to ""
-- Installing: /home/nourhane/ros2_ws/src/robot_actions/install/robot_actions/lib/librobot_actions__rosidl_typesupport_c.so
-- Set runtime path of "/home/nourhane/ros2_ws/src/robot_actions/install/robot_actions/lib/librobot_actions__rosidl_typesupport_c.so" to ""
-- Up-to-date: /home/nourhane/ros2_ws/src/robot_actions/install/robot_actions/include/robot_actions/robot_actions
-- Up-to-date: /home/nourhane/ros2_ws/src/robot_actions/install/robot_actions/include/robot_actions/robot_actions/action
-- Up-to-date: /home/nourhane/ros2_ws/src/robot_actions/install/robot_actions/include/robot_actions/robot_actions/action/detail
-- Installing: /home/nourhane/ros2_ws/src/robot_actions/install/robot_actions/include/robot_actions/robot_actions/action/detail/triangle__type_support.hpp
-- Installing: /home/nourhane/ros2_ws/src/robot_actions/install/robot_actions/include/robot_actions/robot_actions/action/detail/move__type_support.hpp
-- Installing: /home/nourhane/ros2_ws/src/robot_actions/install/robot_actions/include/robot_actions/robot_actions/action/detail/move__builder.hpp
-- Installing: /home/nourhane/ros2_ws/src/robot_actions/install/robot_actions/include/robot_actions/robot_actions/action/detail/move__traits.hpp
-- Installing: /home/nourhane/ros2_ws/src/robot_actions/install/robot_actions/include/robot_actions/robot_actions/action/detail/triangle__traits.hpp
-- Installing: /home/nourhane/ros2_ws/src/robot_actions/install/robot_actions/include/robot_actions/robot_actions/action/detail/move__struct.hpp
-- Installing: /home/nourhane/ros2_ws/src/robot_actions/install/robot_actions/include/robot_actions/robot_actions/action/detail/triangle__struct.hpp
-- Installing: /home/nourhane/ros2_ws/src/robot_actions/install/robot_actions/include/robot_actions/robot_actions/action/detail/triangle__builder.hpp
-- Installing: /home/nourhane/ros2_ws/src/robot_actions/install/robot_actions/include/robot_actions/robot_actions/action/triangle.hpp
-- Installing: /home/nourhane/ros2_ws/src/robot_actions/install/robot_actions/include/robot_actions/robot_actions/action/move.hpp
-- Up-to-date: /home/nourhane/ros2_ws/src/robot_actions/install/robot_actions/include/robot_actions/robot_actions/msg
-- Installing: /home/nourhane/ros2_ws/src/robot_actions/install/robot_actions/include/robot_actions/robot_actions/msg/rosidl_generator_cpp__visibility_control.hpp
-- Up-to-date: /home/nourhane/ros2_ws/src/robot_actions/install/robot_actions/include/robot_actions/robot_actions
-- Up-to-date: /home/nourhane/ros2_ws/src/robot_actions/install/robot_actions/include/robot_actions/robot_actions/action
-- Up-to-date: /home/nourhane/ros2_ws/src/robot_actions/install/robot_actions/include/robot_actions/robot_actions/action/detail
-- Installing: /home/nourhane/ros2_ws/src/robot_actions/install/robot_actions/include/robot_actions/robot_actions/action/detail/triangle__rosidl_typesupport_fastrtps_cpp.hpp
-- Installing: /home/nourhane/ros2_ws/src/robot_actions/install/robot_actions/include/robot_actions/robot_actions/action/detail/dds_fastrtps
-- Installing: /home/nourhane/ros2_ws/src/robot_actions/install/robot_actions/include/robot_actions/robot_actions/action/detail/move__rosidl_typesupport_fastrtps_cpp.hpp
-- Up-to-date: /home/nourhane/ros2_ws/src/robot_actions/install/robot_actions/include/robot_actions/robot_actions/msg
-- Installing: /home/nourhane/ros2_ws/src/robot_actions/install/robot_actions/include/robot_actions/robot_actions/msg/rosidl_typesupport_fastrtps_cpp__visibility_control.h
-- Installing: /home/nourhane/ros2_ws/src/robot_actions/install/robot_actions/lib/librobot_actions__rosidl_typesupport_fastrtps_cpp.so
-- Set runtime path of "/home/nourhane/ros2_ws/src/robot_actions/install/robot_actions/lib/librobot_actions__rosidl_typesupport_fastrtps_cpp.so" to ""
-- Up-to-date: /home/nourhane/ros2_ws/src/robot_actions/install/robot_actions/include/robot_actions/robot_actions
-- Up-to-date: /home/nourhane/ros2_ws/src/robot_actions/install/robot_actions/include/robot_actions/robot_actions/action
-- Up-to-date: /home/nourhane/ros2_ws/src/robot_actions/install/robot_actions/include/robot_actions/robot_actions/action/detail
-- Installing: /home/nourhane/ros2_ws/src/robot_actions/install/robot_actions/include/robot_actions/robot_actions/action/detail/move__type_support.cpp
-- Installing: /home/nourhane/ros2_ws/src/robot_actions/install/robot_actions/include/robot_actions/robot_actions/action/detail/triangle__rosidl_typesupport_introspection_cpp.hpp
-- Installing: /home/nourhane/ros2_ws/src/robot_actions/install/robot_actions/include/robot_actions/robot_actions/action/detail/triangle__type_support.cpp
-- Installing: /home/nourhane/ros2_ws/src/robot_actions/install/robot_actions/include/robot_actions/robot_actions/action/detail/move__rosidl_typesupport_introspection_cpp.hpp
-- Installing: /home/nourhane/ros2_ws/src/robot_actions/install/robot_actions/lib/librobot_actions__rosidl_typesupport_introspection_cpp.so
-- Set runtime path of "/home/nourhane/ros2_ws/src/robot_actions/install/robot_actions/lib/librobot_actions__rosidl_typesupport_introspection_cpp.so" to ""
-- Installing: /home/nourhane/ros2_ws/src/robot_actions/install/robot_actions/lib/librobot_actions__rosidl_typesupport_cpp.so
-- Set runtime path of "/home/nourhane/ros2_ws/src/robot_actions/install/robot_actions/lib/librobot_actions__rosidl_typesupport_cpp.so" to ""
-- Installing: /home/nourhane/ros2_ws/src/robot_actions/install/robot_actions/share/robot_actions/environment/pythonpath.sh
-- Installing: /home/nourhane/ros2_ws/src/robot_actions/install/robot_actions/share/robot_actions/environment/pythonpath.dsv
-- Installing: /home/nourhane/ros2_ws/src/robot_actions/install/robot_actions/local/lib/python3.10/dist-packages/robot_actions-0.0.0-py3.10.egg-info
-- Installing: /home/nourhane/ros2_ws/src/robot_actions/install/robot_actions/local/lib/python3.10/dist-packages/robot_actions-0.0.0-py3.10.egg-info/dependency_links.txt
-- Installing: /home/nourhane/ros2_ws/src/robot_actions/install/robot_actions/local/lib/python3.10/dist-packages/robot_actions-0.0.0-py3.10.egg-info/SOURCES.txt
-- Installing: /home/nourhane/ros2_ws/src/robot_actions/install/robot_actions/local/lib/python3.10/dist-packages/robot_actions-0.0.0-py3.10.egg-info/PKG-INFO
-- Installing: /home/nourhane/ros2_ws/src/robot_actions/install/robot_actions/local/lib/python3.10/dist-packages/robot_actions-0.0.0-py3.10.egg-info/top_level.txt
-- Installing: /home/nourhane/ros2_ws/src/robot_actions/install/robot_actions/local/lib/python3.10/dist-packages/robot_actions
-- Installing: /home/nourhane/ros2_ws/src/robot_actions/install/robot_actions/local/lib/python3.10/dist-packages/robot_actions/action
-- Installing: /home/nourhane/ros2_ws/src/robot_actions/install/robot_actions/local/lib/python3.10/dist-packages/robot_actions/action/_triangle_s.c
-- Installing: /home/nourhane/ros2_ws/src/robot_actions/install/robot_actions/local/lib/python3.10/dist-packages/robot_actions/action/_move.py
-- Installing: /home/nourhane/ros2_ws/src/robot_actions/install/robot_actions/local/lib/python3.10/dist-packages/robot_actions/action/_move_s.c
-- Installing: /home/nourhane/ros2_ws/src/robot_actions/install/robot_actions/local/lib/python3.10/dist-packages/robot_actions/action/_triangle.py
-- Installing: /home/nourhane/ros2_ws/src/robot_actions/install/robot_actions/local/lib/python3.10/dist-packages/robot_actions/action/__init__.py
-- Installing: /home/nourhane/ros2_ws/src/robot_actions/install/robot_actions/local/lib/python3.10/dist-packages/robot_actions/_robot_actions_s.ep.rosidl_typesupport_c.c
-- Installing: /home/nourhane/ros2_ws/src/robot_actions/install/robot_actions/local/lib/python3.10/dist-packages/robot_actions/robot_actions_s__rosidl_typesupport_introspection_c.cpython-310-x86_64-linux-gnu.so
-- Installing: /home/nourhane/ros2_ws/src/robot_actions/install/robot_actions/local/lib/python3.10/dist-packages/robot_actions/robot_actions_s__rosidl_typesupport_fastrtps_c.cpython-310-x86_64-linux-gnu.so
-- Installing: /home/nourhane/ros2_ws/src/robot_actions/install/robot_actions/local/lib/python3.10/dist-packages/robot_actions/_robot_actions_s.ep.rosidl_typesupport_fastrtps_c.c
-- Installing: /home/nourhane/ros2_ws/src/robot_actions/install/robot_actions/local/lib/python3.10/dist-packages/robot_actions/librobot_actions__rosidl_generator_py.so
-- Installing: /home/nourhane/ros2_ws/src/robot_actions/install/robot_actions/local/lib/python3.10/dist-packages/robot_actions/__init__.py
-- Installing: /home/nourhane/ros2_ws/src/robot_actions/install/robot_actions/local/lib/python3.10/dist-packages/robot_actions/_robot_actions_s.ep.rosidl_typesupport_introspection_c.c
-- Installing: /home/nourhane/ros2_ws/src/robot_actions/install/robot_actions/local/lib/python3.10/dist-packages/robot_actions/robot_actions_s__rosidl_typesupport_c.cpython-310-x86_64-linux-gnu.so
Listing '/home/nourhane/ros2_ws/src/robot_actions/install/robot_actions/local/lib/python3.10/dist-packages/robot_actions'...
Compiling '/home/nourhane/ros2_ws/src/robot_actions/install/robot_actions/local/lib/python3.10/dist-packages/robot_actions/__init__.py'...
Listing '/home/nourhane/ros2_ws/src/robot_actions/install/robot_actions/local/lib/python3.10/dist-packages/robot_actions/action'...
Compiling '/home/nourhane/ros2_ws/src/robot_actions/install/robot_actions/local/lib/python3.10/dist-packages/robot_actions/action/__init__.py'...
Compiling '/home/nourhane/ros2_ws/src/robot_actions/install/robot_actions/local/lib/python3.10/dist-packages/robot_actions/action/_move.py'...
Compiling '/home/nourhane/ros2_ws/src/robot_actions/install/robot_actions/local/lib/python3.10/dist-packages/robot_actions/action/_triangle.py'...
-- Installing: /home/nourhane/ros2_ws/src/robot_actions/install/robot_actions/local/lib/python3.10/dist-packages/robot_actions/robot_actions_s__rosidl_typesupport_fastrtps_c.cpython-310-x86_64-linux-gnu.so
-- Set runtime path of "/home/nourhane/ros2_ws/src/robot_actions/install/robot_actions/local/lib/python3.10/dist-packages/robot_actions/robot_actions_s__rosidl_typesupport_fastrtps_c.cpython-310-x86_64-linux-gnu.so" to ""
-- Installing: /home/nourhane/ros2_ws/src/robot_actions/install/robot_actions/local/lib/python3.10/dist-packages/robot_actions/robot_actions_s__rosidl_typesupport_introspection_c.cpython-310-x86_64-linux-gnu.so
-- Set runtime path of "/home/nourhane/ros2_ws/src/robot_actions/install/robot_actions/local/lib/python3.10/dist-packages/robot_actions/robot_actions_s__rosidl_typesupport_introspection_c.cpython-310-x86_64-linux-gnu.so" to ""
-- Installing: /home/nourhane/ros2_ws/src/robot_actions/install/robot_actions/local/lib/python3.10/dist-packages/robot_actions/robot_actions_s__rosidl_typesupport_c.cpython-310-x86_64-linux-gnu.so
-- Set runtime path of "/home/nourhane/ros2_ws/src/robot_actions/install/robot_actions/local/lib/python3.10/dist-packages/robot_actions/robot_actions_s__rosidl_typesupport_c.cpython-310-x86_64-linux-gnu.so" to ""
-- Installing: /home/nourhane/ros2_ws/src/robot_actions/install/robot_actions/lib/librobot_actions__rosidl_generator_py.so
-- Set runtime path of "/home/nourhane/ros2_ws/src/robot_actions/install/robot_actions/lib/librobot_actions__rosidl_generator_py.so" to ""
-- Installing: /home/nourhane/ros2_ws/src/robot_actions/install/robot_actions/share/robot_actions/action/Move.idl
-- Installing: /home/nourhane/ros2_ws/src/robot_actions/install/robot_actions/share/robot_actions/action/Triangle.idl
-- Installing: /home/nourhane/ros2_ws/src/robot_actions/install/robot_actions/share/robot_actions/actions/Move.action
-- Installing: /home/nourhane/ros2_ws/src/robot_actions/install/robot_actions/share/robot_actions/actions/Triangle.action
-- Installing: /home/nourhane/ros2_ws/src/robot_actions/install/robot_actions/share/ament_index/resource_index/package_run_dependencies/robot_actions
-- Installing: /home/nourhane/ros2_ws/src/robot_actions/install/robot_actions/share/ament_index/resource_index/parent_prefix_path/robot_actions
-- Installing: /home/nourhane/ros2_ws/src/robot_actions/install/robot_actions/share/robot_actions/environment/ament_prefix_path.sh
-- Installing: /home/nourhane/ros2_ws/src/robot_actions/install/robot_actions/share/robot_actions/environment/ament_prefix_path.dsv
-- Installing: /home/nourhane/ros2_ws/src/robot_actions/install/robot_actions/share/robot_actions/environment/path.sh
-- Installing: /home/nourhane/ros2_ws/src/robot_actions/install/robot_actions/share/robot_actions/environment/path.dsv
-- Installing: /home/nourhane/ros2_ws/src/robot_actions/install/robot_actions/share/robot_actions/local_setup.bash
-- Installing: /home/nourhane/ros2_ws/src/robot_actions/install/robot_actions/share/robot_actions/local_setup.sh
-- Installing: /home/nourhane/ros2_ws/src/robot_actions/install/robot_actions/share/robot_actions/local_setup.zsh
-- Installing: /home/nourhane/ros2_ws/src/robot_actions/install/robot_actions/share/robot_actions/local_setup.dsv
-- Installing: /home/nourhane/ros2_ws/src/robot_actions/install/robot_actions/share/robot_actions/package.dsv
-- Installing: /home/nourhane/ros2_ws/src/robot_actions/install/robot_actions/share/ament_index/resource_index/packages/robot_actions
-- Installing: /home/nourhane/ros2_ws/src/robot_actions/install/robot_actions/share/robot_actions/cmake/export_robot_actions__rosidl_generator_cExport.cmake
-- Installing: /home/nourhane/ros2_ws/src/robot_actions/install/robot_actions/share/robot_actions/cmake/export_robot_actions__rosidl_generator_cExport-noconfig.cmake
-- Installing: /home/nourhane/ros2_ws/src/robot_actions/install/robot_actions/share/robot_actions/cmake/export_robot_actions__rosidl_typesupport_fastrtps_cExport.cmake
-- Installing: /home/nourhane/ros2_ws/src/robot_actions/install/robot_actions/share/robot_actions/cmake/export_robot_actions__rosidl_typesupport_fastrtps_cExport-noconfig.cmake
-- Installing: /home/nourhane/ros2_ws/src/robot_actions/install/robot_actions/share/robot_actions/cmake/robot_actions__rosidl_typesupport_introspection_cExport.cmake
-- Installing: /home/nourhane/ros2_ws/src/robot_actions/install/robot_actions/share/robot_actions/cmake/robot_actions__rosidl_typesupport_introspection_cExport-noconfig.cmake
-- Installing: /home/nourhane/ros2_ws/src/robot_actions/install/robot_actions/share/robot_actions/cmake/robot_actions__rosidl_typesupport_cExport.cmake
-- Installing: /home/nourhane/ros2_ws/src/robot_actions/install/robot_actions/share/robot_actions/cmake/robot_actions__rosidl_typesupport_cExport-noconfig.cmake
-- Installing: /home/nourhane/ros2_ws/src/robot_actions/install/robot_actions/share/robot_actions/cmake/export_robot_actions__rosidl_generator_cppExport.cmake
-- Installing: /home/nourhane/ros2_ws/src/robot_actions/install/robot_actions/share/robot_actions/cmake/export_robot_actions__rosidl_typesupport_fastrtps_cppExport.cmake
-- Installing: /home/nourhane/ros2_ws/src/robot_actions/install/robot_actions/share/robot_actions/cmake/export_robot_actions__rosidl_typesupport_fastrtps_cppExport-noconfig.cmake
-- Installing: /home/nourhane/ros2_ws/src/robot_actions/install/robot_actions/share/robot_actions/cmake/robot_actions__rosidl_typesupport_introspection_cppExport.cmake
-- Installing: /home/nourhane/ros2_ws/src/robot_actions/install/robot_actions/share/robot_actions/cmake/robot_actions__rosidl_typesupport_introspection_cppExport-noconfig.cmake
-- Installing: /home/nourhane/ros2_ws/src/robot_actions/install/robot_actions/share/robot_actions/cmake/robot_actions__rosidl_typesupport_cppExport.cmake
-- Installing: /home/nourhane/ros2_ws/src/robot_actions/install/robot_actions/share/robot_actions/cmake/robot_actions__rosidl_typesupport_cppExport-noconfig.cmake
-- Installing: /home/nourhane/ros2_ws/src/robot_actions/install/robot_actions/share/robot_actions/cmake/export_robot_actions__rosidl_generator_pyExport.cmake
-- Installing: /home/nourhane/ros2_ws/src/robot_actions/install/robot_actions/share/robot_actions/cmake/export_robot_actions__rosidl_generator_pyExport-noconfig.cmake
-- Installing: /home/nourhane/ros2_ws/src/robot_actions/install/robot_actions/share/robot_actions/cmake/rosidl_cmake-extras.cmake
-- Installing: /home/nourhane/ros2_ws/src/robot_actions/install/robot_actions/share/robot_actions/cmake/ament_cmake_export_dependencies-extras.cmake
-- Installing: /home/nourhane/ros2_ws/src/robot_actions/install/robot_actions/share/robot_actions/cmake/ament_cmake_export_include_directories-extras.cmake
-- Installing: /home/nourhane/ros2_ws/src/robot_actions/install/robot_actions/share/robot_actions/cmake/ament_cmake_export_libraries-extras.cmake
-- Installing: /home/nourhane/ros2_ws/src/robot_actions/install/robot_actions/share/robot_actions/cmake/ament_cmake_export_targets-extras.cmake
-- Installing: /home/nourhane/ros2_ws/src/robot_actions/install/robot_actions/share/robot_actions/cmake/rosidl_cmake_export_typesupport_targets-extras.cmake
-- Installing: /home/nourhane/ros2_ws/src/robot_actions/install/robot_actions/share/robot_actions/cmake/rosidl_cmake_export_typesupport_libraries-extras.cmake
-- Installing: /home/nourhane/ros2_ws/src/robot_actions/install/robot_actions/share/robot_actions/cmake/robot_actionsConfig.cmake
-- Installing: /home/nourhane/ros2_ws/src/robot_actions/install/robot_actions/share/robot_actions/cmake/robot_actionsConfig-version.cmake
-- Installing: /home/nourhane/ros2_ws/src/robot_actions/install/robot_actions/share/robot_actions/package.xml
