[0.035s] Invoking command in '/home/nourhane/ros2_ws/src/robot_actions/build/robot_actions': CMAKE_PREFIX_PATH=${CMAKE_PREFIX_PATH}:/home/nourhane/turtlebot3_ws/install/turtlebot3_teleop:/home/nourhane/turtlebot3_ws/install/turtlebot3_example:/opt/ros/humble /usr/bin/cmake /home/nourhane/ros2_ws/src/robot_actions -DCMAKE_INSTALL_PREFIX=/home/nourhane/ros2_ws/src/robot_actions/install/robot_actions
[0.077s] -- Found ament_cmake: 1.3.11 (/opt/ros/humble/share/ament_cmake/cmake)
[0.352s] -- Found rosidl_default_generators: 1.2.0 (/opt/ros/humble/share/rosidl_default_generators/cmake)
[0.361s] -- Using all available rosidl_typesupport_c: rosidl_typesupport_fastrtps_c;rosidl_typesupport_introspection_c
[0.369s] -- Found rosidl_adapter: 3.1.6 (/opt/ros/humble/share/rosidl_adapter/cmake)
[0.467s] -- Using all available rosidl_typesupport_cpp: rosidl_typesupport_fastrtps_cpp;rosidl_typesupport_introspection_cpp
[0.702s] -- Found action_msgs: 1.2.1 (/opt/ros/humble/share/action_msgs/cmake)
[0.882s] -- Found std_msgs: 4.8.0 (/opt/ros/humble/share/std_msgs/cmake)
[0.908s] -- Found geometry_msgs: 4.8.0 (/opt/ros/humble/share/geometry_msgs/cmake)
[0.946s] -- Found ament_lint_auto: 0.12.12 (/opt/ros/humble/share/ament_lint_auto/cmake)
[1.678s] -- Found ament_cmake_ros: 0.10.0 (/opt/ros/humble/share/ament_cmake_ros/cmake)
[2.294s] -- Using all available rosidl_typesupport_c: rosidl_typesupport_fastrtps_c;rosidl_typesupport_introspection_c
[2.905s] -- Using all available rosidl_typesupport_cpp: rosidl_typesupport_fastrtps_cpp;rosidl_typesupport_introspection_cpp
[2.950s] -- Found PythonInterp: /usr/bin/python3 (found suitable version "3.10.12", minimum required is "3.6") 
[2.953s] -- Found python_cmake_module: 0.10.0 (/opt/ros/humble/share/python_cmake_module/cmake)
[3.018s] -- Found PythonLibs: /usr/lib/x86_64-linux-gnu/libpython3.10.so (found suitable version "3.10.12", minimum required is "3.5") 
[3.018s] -- Using PYTHON_EXECUTABLE: /usr/bin/python3
[3.018s] -- Using PYTHON_INCLUDE_DIRS: /usr/include/python3.10
[3.019s] -- Using PYTHON_LIBRARIES: /usr/lib/x86_64-linux-gnu/libpython3.10.so
[3.058s] -- Found PythonExtra: .so  
[3.192s] -- Added test 'cppcheck' to perform static code analysis on C / C++ code
[3.194s] -- Configured cppcheck include dirs: $<BUILD_INTERFACE:/home/nourhane/ros2_ws/src/robot_actions/build/robot_actions/rosidl_generator_c>;$<BUILD_INTERFACE:/home/nourhane/ros2_ws/src/robot_actions/build/robot_actions/rosidl_typesupport_fastrtps_c>;$<BUILD_INTERFACE:/home/nourhane/ros2_ws/src/robot_actions/build/robot_actions/rosidl_typesupport_introspection_c>;$<BUILD_INTERFACE:/home/nourhane/ros2_ws/src/robot_actions/build/robot_actions/rosidl_generator_cpp>;$<BUILD_INTERFACE:/home/nourhane/ros2_ws/src/robot_actions/build/robot_actions/rosidl_typesupport_fastrtps_cpp>;$<BUILD_INTERFACE:/home/nourhane/ros2_ws/src/robot_actions/build/robot_actions/rosidl_typesupport_introspection_cpp>;/home/nourhane/ros2_ws/src/robot_actions/build/robot_actions/rosidl_generator_c;/home/nourhane/ros2_ws/src/robot_actions/build/robot_actions/rosidl_generator_py
[3.194s] -- Configured cppcheck exclude dirs and/or files: 
[3.196s] -- Added test 'flake8' to check Python code syntax and style conventions
[3.200s] -- Added test 'lint_cmake' to check CMake code style
[3.203s] -- Added test 'pep257' to check Python code against some of the docstring style conventions in PEP 257
[3.214s] -- Added test 'uncrustify' to check C / C++ code style
[3.214s] -- Configured uncrustify additional arguments: 
[3.217s] -- Added test 'xmllint' to check XML markup files
[3.237s] -- Configuring done
[3.299s] -- Generating done
[3.316s] -- Build files have been written to: /home/nourhane/ros2_ws/src/robot_actions/build/robot_actions
[3.327s] Invoked command in '/home/nourhane/ros2_ws/src/robot_actions/build/robot_actions' returned '0': CMAKE_PREFIX_PATH=${CMAKE_PREFIX_PATH}:/home/nourhane/turtlebot3_ws/install/turtlebot3_teleop:/home/nourhane/turtlebot3_ws/install/turtlebot3_example:/opt/ros/humble /usr/bin/cmake /home/nourhane/ros2_ws/src/robot_actions -DCMAKE_INSTALL_PREFIX=/home/nourhane/ros2_ws/src/robot_actions/install/robot_actions
[3.332s] Invoking command in '/home/nourhane/ros2_ws/src/robot_actions/build/robot_actions': CMAKE_PREFIX_PATH=${CMAKE_PREFIX_PATH}:/home/nourhane/turtlebot3_ws/install/turtlebot3_teleop:/home/nourhane/turtlebot3_ws/install/turtlebot3_example:/opt/ros/humble /usr/bin/cmake --build /home/nourhane/ros2_ws/src/robot_actions/build/robot_actions -- -j4 -l4
[3.427s] [  2%] [34m[1mGenerating C code for ROS interfaces[0m
[3.446s] [  5%] [34m[1mGenerating C++ code for ROS interfaces[0m
[3.480s] [  5%] Built target ament_cmake_python_copy_robot_actions
[4.016s] running egg_info
[4.018s] creating robot_actions.egg-info
[4.018s] writing robot_actions.egg-info/PKG-INFO
[4.019s] writing dependency_links to robot_actions.egg-info/dependency_links.txt
[4.019s] writing top-level names to robot_actions.egg-info/top_level.txt
[4.020s] writing manifest file 'robot_actions.egg-info/SOURCES.txt'
[4.030s] reading manifest file 'robot_actions.egg-info/SOURCES.txt'
[4.035s] writing manifest file 'robot_actions.egg-info/SOURCES.txt'
[4.124s] [  5%] Built target ament_cmake_python_build_robot_actions_egg
[5.003s] [  5%] Built target robot_actions__cpp
[5.047s] [  7%] [34m[1mGenerating C++ introspection for ROS interfaces[0m
[5.054s] [ 10%] [34m[1mGenerating C++ type support dispatch for ROS interfaces[0m
[5.061s] [ 12%] [34m[1mGenerating C++ type support for eProsima Fast-RTPS[0m
[5.103s] [ 15%] [32mBuilding C object CMakeFiles/robot_actions__rosidl_generator_c.dir/rosidl_generator_c/robot_actions/action/detail/move__functions.c.o[0m
[5.662s] [ 17%] [32mBuilding C object CMakeFiles/robot_actions__rosidl_generator_c.dir/rosidl_generator_c/robot_actions/action/detail/triangle__functions.c.o[0m
[5.955s] [ 20%] [32m[1mLinking C shared library librobot_actions__rosidl_generator_c.so[0m
[6.059s] [ 20%] Built target robot_actions__rosidl_generator_c
[6.085s] [ 23%] [34m[1mGenerating C type support for eProsima Fast-RTPS[0m
[6.150s] [ 25%] [32mBuilding CXX object CMakeFiles/robot_actions__rosidl_typesupport_cpp.dir/rosidl_typesupport_cpp/robot_actions/action/move__type_support.cpp.o[0m
[6.497s] [ 28%] [32mBuilding CXX object CMakeFiles/robot_actions__rosidl_typesupport_introspection_cpp.dir/rosidl_typesupport_introspection_cpp/robot_actions/action/detail/move__type_support.cpp.o[0m
[6.743s] [ 30%] [32mBuilding CXX object CMakeFiles/robot_actions__rosidl_typesupport_fastrtps_cpp.dir/rosidl_typesupport_fastrtps_cpp/robot_actions/action/detail/dds_fastrtps/move__type_support.cpp.o[0m
[7.390s] [ 33%] [32mBuilding CXX object CMakeFiles/robot_actions__rosidl_typesupport_cpp.dir/rosidl_typesupport_cpp/robot_actions/action/triangle__type_support.cpp.o[0m
[7.624s] [ 35%] [32mBuilding CXX object CMakeFiles/robot_actions__rosidl_typesupport_fastrtps_c.dir/rosidl_typesupport_fastrtps_c/robot_actions/action/detail/move__type_support_c.cpp.o[0m
[7.892s] [ 38%] [32mBuilding CXX object CMakeFiles/robot_actions__rosidl_typesupport_introspection_cpp.dir/rosidl_typesupport_introspection_cpp/robot_actions/action/detail/triangle__type_support.cpp.o[0m
[8.078s] [ 41%] [32mBuilding CXX object CMakeFiles/robot_actions__rosidl_typesupport_fastrtps_cpp.dir/rosidl_typesupport_fastrtps_cpp/robot_actions/action/detail/dds_fastrtps/triangle__type_support.cpp.o[0m
[8.391s] [ 43%] [32m[1mLinking CXX shared library librobot_actions__rosidl_typesupport_cpp.so[0m
[8.504s] [ 43%] Built target robot_actions__rosidl_typesupport_cpp
[8.533s] [ 46%] [34m[1mGenerating C introspection for ROS interfaces[0m
[8.560s] [ 48%] [32mBuilding CXX object CMakeFiles/robot_actions__rosidl_typesupport_fastrtps_c.dir/rosidl_typesupport_fastrtps_c/robot_actions/action/detail/triangle__type_support_c.cpp.o[0m
[9.231s] [ 51%] [32m[1mLinking CXX shared library librobot_actions__rosidl_typesupport_introspection_cpp.so[0m
[9.280s] [ 53%] [32m[1mLinking CXX shared library librobot_actions__rosidl_typesupport_fastrtps_cpp.so[0m
[9.402s] [ 53%] Built target robot_actions__rosidl_typesupport_introspection_cpp
[9.412s] [ 56%] [32m[1mLinking CXX shared library librobot_actions__rosidl_typesupport_fastrtps_c.so[0m
[9.426s] [ 58%] [34m[1mGenerating C type support dispatch for ROS interfaces[0m
[9.470s] [ 58%] Built target robot_actions__rosidl_typesupport_fastrtps_cpp
[9.580s] [ 58%] Built target robot_actions__rosidl_typesupport_fastrtps_c
[9.747s] [ 61%] [32mBuilding C object CMakeFiles/robot_actions__rosidl_typesupport_introspection_c.dir/rosidl_typesupport_introspection_c/robot_actions/action/detail/move__type_support.c.o[0m
[9.752s] [ 64%] [32mBuilding C object CMakeFiles/robot_actions__rosidl_typesupport_introspection_c.dir/rosidl_typesupport_introspection_c/robot_actions/action/detail/triangle__type_support.c.o[0m
[9.864s] [ 66%] [32m[1mLinking C shared library librobot_actions__rosidl_typesupport_introspection_c.so[0m
[9.928s] [ 66%] Built target robot_actions__rosidl_typesupport_introspection_c
[10.140s] [ 69%] [32mBuilding CXX object CMakeFiles/robot_actions__rosidl_typesupport_c.dir/rosidl_typesupport_c/robot_actions/action/triangle__type_support.cpp.o[0m
[10.141s] [ 71%] [32mBuilding CXX object CMakeFiles/robot_actions__rosidl_typesupport_c.dir/rosidl_typesupport_c/robot_actions/action/move__type_support.cpp.o[0m
[10.228s] [ 74%] [32m[1mLinking CXX shared library librobot_actions__rosidl_typesupport_c.so[0m
[10.303s] [ 74%] Built target robot_actions__rosidl_typesupport_c
[10.341s] [ 74%] Built target robot_actions
[10.379s] [ 76%] [34m[1mGenerating Python code for ROS interfaces[0m
[12.111s] [ 76%] Built target robot_actions__py
[12.149s] [ 79%] [32mBuilding C object CMakeFiles/robot_actions__rosidl_generator_py.dir/rosidl_generator_py/robot_actions/action/_triangle_s.c.o[0m
[12.151s] [ 82%] [32mBuilding C object CMakeFiles/robot_actions__rosidl_generator_py.dir/rosidl_generator_py/robot_actions/action/_move_s.c.o[0m
[12.475s] [ 84%] [32m[1mLinking C shared library rosidl_generator_py/robot_actions/librobot_actions__rosidl_generator_py.so[0m
[12.549s] [ 84%] Built target robot_actions__rosidl_generator_py
[12.593s] [ 89%] [32mBuilding C object CMakeFiles/robot_actions__rosidl_typesupport_introspection_c__pyext.dir/rosidl_generator_py/robot_actions/_robot_actions_s.ep.rosidl_typesupport_introspection_c.c.o[0m
[12.594s] [ 89%] [32mBuilding C object CMakeFiles/robot_actions__rosidl_typesupport_fastrtps_c__pyext.dir/rosidl_generator_py/robot_actions/_robot_actions_s.ep.rosidl_typesupport_fastrtps_c.c.o[0m
[12.599s] [ 92%] [32mBuilding C object CMakeFiles/robot_actions__rosidl_typesupport_c__pyext.dir/rosidl_generator_py/robot_actions/_robot_actions_s.ep.rosidl_typesupport_c.c.o[0m
[12.855s] [ 94%] [32m[1mLinking C shared library rosidl_generator_py/robot_actions/robot_actions_s__rosidl_typesupport_fastrtps_c.cpython-310-x86_64-linux-gnu.so[0m
[12.855s] [ 97%] [32m[1mLinking C shared library rosidl_generator_py/robot_actions/robot_actions_s__rosidl_typesupport_introspection_c.cpython-310-x86_64-linux-gnu.so[0m
[12.879s] [100%] [32m[1mLinking C shared library rosidl_generator_py/robot_actions/robot_actions_s__rosidl_typesupport_c.cpython-310-x86_64-linux-gnu.so[0m
[12.939s] [100%] Built target robot_actions__rosidl_typesupport_introspection_c__pyext
[12.939s] [100%] Built target robot_actions__rosidl_typesupport_fastrtps_c__pyext
[12.967s] [100%] Built target robot_actions__rosidl_typesupport_c__pyext
[12.987s] Invoked command in '/home/nourhane/ros2_ws/src/robot_actions/build/robot_actions' returned '0': CMAKE_PREFIX_PATH=${CMAKE_PREFIX_PATH}:/home/nourhane/turtlebot3_ws/install/turtlebot3_teleop:/home/nourhane/turtlebot3_ws/install/turtlebot3_example:/opt/ros/humble /usr/bin/cmake --build /home/nourhane/ros2_ws/src/robot_actions/build/robot_actions -- -j4 -l4
[13.005s] Invoking command in '/home/nourhane/ros2_ws/src/robot_actions/build/robot_actions': CMAKE_PREFIX_PATH=${CMAKE_PREFIX_PATH}:/home/nourhane/turtlebot3_ws/install/turtlebot3_teleop:/home/nourhane/turtlebot3_ws/install/turtlebot3_example:/opt/ros/humble /usr/bin/cmake --install /home/nourhane/ros2_ws/src/robot_actions/build/robot_actions
[13.020s] -- Install configuration: ""
[13.020s] -- Installing: /home/nourhane/ros2_ws/src/robot_actions/install/robot_actions/share/ament_index/resource_index/rosidl_interfaces/robot_actions
[13.021s] -- Installing: /home/nourhane/ros2_ws/src/robot_actions/install/robot_actions/include/robot_actions/robot_actions
[13.021s] -- Installing: /home/nourhane/ros2_ws/src/robot_actions/install/robot_actions/include/robot_actions/robot_actions/action
[13.021s] -- Installing: /home/nourhane/ros2_ws/src/robot_actions/install/robot_actions/include/robot_actions/robot_actions/action/move.h
[13.022s] -- Installing: /home/nourhane/ros2_ws/src/robot_actions/install/robot_actions/include/robot_actions/robot_actions/action/triangle.h
[13.022s] -- Installing: /home/nourhane/ros2_ws/src/robot_actions/install/robot_actions/include/robot_actions/robot_actions/action/detail
[13.022s] -- Installing: /home/nourhane/ros2_ws/src/robot_actions/install/robot_actions/include/robot_actions/robot_actions/action/detail/triangle__functions.c
[13.022s] -- Installing: /home/nourhane/ros2_ws/src/robot_actions/install/robot_actions/include/robot_actions/robot_actions/action/detail/triangle__functions.h
[13.023s] -- Installing: /home/nourhane/ros2_ws/src/robot_actions/install/robot_actions/include/robot_actions/robot_actions/action/detail/move__functions.h
[13.023s] -- Installing: /home/nourhane/ros2_ws/src/robot_actions/install/robot_actions/include/robot_actions/robot_actions/action/detail/move__struct.h
[13.023s] -- Installing: /home/nourhane/ros2_ws/src/robot_actions/install/robot_actions/include/robot_actions/robot_actions/action/detail/move__type_support.h
[13.024s] -- Installing: /home/nourhane/ros2_ws/src/robot_actions/install/robot_actions/include/robot_actions/robot_actions/action/detail/triangle__type_support.h
[13.024s] -- Installing: /home/nourhane/ros2_ws/src/robot_actions/install/robot_actions/include/robot_actions/robot_actions/action/detail/triangle__struct.h
[13.024s] -- Installing: /home/nourhane/ros2_ws/src/robot_actions/install/robot_actions/include/robot_actions/robot_actions/action/detail/move__functions.c
[13.024s] -- Installing: /home/nourhane/ros2_ws/src/robot_actions/install/robot_actions/include/robot_actions/robot_actions/msg
[13.025s] -- Installing: /home/nourhane/ros2_ws/src/robot_actions/install/robot_actions/include/robot_actions/robot_actions/msg/rosidl_generator_c__visibility_control.h
[13.025s] -- Installing: /home/nourhane/ros2_ws/src/robot_actions/install/robot_actions/share/robot_actions/environment/library_path.sh
[13.025s] -- Installing: /home/nourhane/ros2_ws/src/robot_actions/install/robot_actions/share/robot_actions/environment/library_path.dsv
[13.026s] -- Installing: /home/nourhane/ros2_ws/src/robot_actions/install/robot_actions/lib/librobot_actions__rosidl_generator_c.so
[13.027s] -- Set runtime path of "/home/nourhane/ros2_ws/src/robot_actions/install/robot_actions/lib/librobot_actions__rosidl_generator_c.so" to ""
[13.027s] -- Up-to-date: /home/nourhane/ros2_ws/src/robot_actions/install/robot_actions/include/robot_actions/robot_actions
[13.028s] -- Up-to-date: /home/nourhane/ros2_ws/src/robot_actions/install/robot_actions/include/robot_actions/robot_actions/action
[13.028s] -- Up-to-date: /home/nourhane/ros2_ws/src/robot_actions/install/robot_actions/include/robot_actions/robot_actions/action/detail
[13.028s] -- Installing: /home/nourhane/ros2_ws/src/robot_actions/install/robot_actions/include/robot_actions/robot_actions/action/detail/move__rosidl_typesupport_fastrtps_c.h
[13.028s] -- Installing: /home/nourhane/ros2_ws/src/robot_actions/install/robot_actions/include/robot_actions/robot_actions/action/detail/triangle__rosidl_typesupport_fastrtps_c.h
[13.028s] -- Up-to-date: /home/nourhane/ros2_ws/src/robot_actions/install/robot_actions/include/robot_actions/robot_actions/msg
[13.028s] -- Installing: /home/nourhane/ros2_ws/src/robot_actions/install/robot_actions/include/robot_actions/robot_actions/msg/rosidl_typesupport_fastrtps_c__visibility_control.h
[13.029s] -- Installing: /home/nourhane/ros2_ws/src/robot_actions/install/robot_actions/lib/librobot_actions__rosidl_typesupport_fastrtps_c.so
[13.029s] -- Set runtime path of "/home/nourhane/ros2_ws/src/robot_actions/install/robot_actions/lib/librobot_actions__rosidl_typesupport_fastrtps_c.so" to ""
[13.029s] -- Up-to-date: /home/nourhane/ros2_ws/src/robot_actions/install/robot_actions/include/robot_actions/robot_actions
[13.030s] -- Up-to-date: /home/nourhane/ros2_ws/src/robot_actions/install/robot_actions/include/robot_actions/robot_actions/action
[13.030s] -- Up-to-date: /home/nourhane/ros2_ws/src/robot_actions/install/robot_actions/include/robot_actions/robot_actions/action/detail
[13.030s] -- Installing: /home/nourhane/ros2_ws/src/robot_actions/install/robot_actions/include/robot_actions/robot_actions/action/detail/triangle__rosidl_typesupport_introspection_c.h
[13.031s] -- Installing: /home/nourhane/ros2_ws/src/robot_actions/install/robot_actions/include/robot_actions/robot_actions/action/detail/move__type_support.c
[13.031s] -- Installing: /home/nourhane/ros2_ws/src/robot_actions/install/robot_actions/include/robot_actions/robot_actions/action/detail/move__rosidl_typesupport_introspection_c.h
[13.031s] -- Installing: /home/nourhane/ros2_ws/src/robot_actions/install/robot_actions/include/robot_actions/robot_actions/action/detail/triangle__type_support.c
[13.031s] -- Up-to-date: /home/nourhane/ros2_ws/src/robot_actions/install/robot_actions/include/robot_actions/robot_actions/msg
[13.031s] -- Installing: /home/nourhane/ros2_ws/src/robot_actions/install/robot_actions/include/robot_actions/robot_actions/msg/rosidl_typesupport_introspection_c__visibility_control.h
[13.031s] -- Installing: /home/nourhane/ros2_ws/src/robot_actions/install/robot_actions/lib/librobot_actions__rosidl_typesupport_introspection_c.so
[13.032s] -- Set runtime path of "/home/nourhane/ros2_ws/src/robot_actions/install/robot_actions/lib/librobot_actions__rosidl_typesupport_introspection_c.so" to ""
[13.032s] -- Installing: /home/nourhane/ros2_ws/src/robot_actions/install/robot_actions/lib/librobot_actions__rosidl_typesupport_c.so
[13.033s] -- Set runtime path of "/home/nourhane/ros2_ws/src/robot_actions/install/robot_actions/lib/librobot_actions__rosidl_typesupport_c.so" to ""
[13.033s] -- Up-to-date: /home/nourhane/ros2_ws/src/robot_actions/install/robot_actions/include/robot_actions/robot_actions
[13.033s] -- Up-to-date: /home/nourhane/ros2_ws/src/robot_actions/install/robot_actions/include/robot_actions/robot_actions/action
[13.033s] -- Up-to-date: /home/nourhane/ros2_ws/src/robot_actions/install/robot_actions/include/robot_actions/robot_actions/action/detail
[13.033s] -- Installing: /home/nourhane/ros2_ws/src/robot_actions/install/robot_actions/include/robot_actions/robot_actions/action/detail/triangle__type_support.hpp
[13.034s] -- Installing: /home/nourhane/ros2_ws/src/robot_actions/install/robot_actions/include/robot_actions/robot_actions/action/detail/move__type_support.hpp
[13.034s] -- Installing: /home/nourhane/ros2_ws/src/robot_actions/install/robot_actions/include/robot_actions/robot_actions/action/detail/move__builder.hpp
[13.034s] -- Installing: /home/nourhane/ros2_ws/src/robot_actions/install/robot_actions/include/robot_actions/robot_actions/action/detail/move__traits.hpp
[13.034s] -- Installing: /home/nourhane/ros2_ws/src/robot_actions/install/robot_actions/include/robot_actions/robot_actions/action/detail/triangle__traits.hpp
[13.034s] -- Installing: /home/nourhane/ros2_ws/src/robot_actions/install/robot_actions/include/robot_actions/robot_actions/action/detail/move__struct.hpp
[13.034s] -- Installing: /home/nourhane/ros2_ws/src/robot_actions/install/robot_actions/include/robot_actions/robot_actions/action/detail/triangle__struct.hpp
[13.034s] -- Installing: /home/nourhane/ros2_ws/src/robot_actions/install/robot_actions/include/robot_actions/robot_actions/action/detail/triangle__builder.hpp
[13.035s] -- Installing: /home/nourhane/ros2_ws/src/robot_actions/install/robot_actions/include/robot_actions/robot_actions/action/triangle.hpp
[13.035s] -- Installing: /home/nourhane/ros2_ws/src/robot_actions/install/robot_actions/include/robot_actions/robot_actions/action/move.hpp
[13.035s] -- Up-to-date: /home/nourhane/ros2_ws/src/robot_actions/install/robot_actions/include/robot_actions/robot_actions/msg
[13.035s] -- Installing: /home/nourhane/ros2_ws/src/robot_actions/install/robot_actions/include/robot_actions/robot_actions/msg/rosidl_generator_cpp__visibility_control.hpp
[13.035s] -- Up-to-date: /home/nourhane/ros2_ws/src/robot_actions/install/robot_actions/include/robot_actions/robot_actions
[13.035s] -- Up-to-date: /home/nourhane/ros2_ws/src/robot_actions/install/robot_actions/include/robot_actions/robot_actions/action
[13.036s] -- Up-to-date: /home/nourhane/ros2_ws/src/robot_actions/install/robot_actions/include/robot_actions/robot_actions/action/detail
[13.036s] -- Installing: /home/nourhane/ros2_ws/src/robot_actions/install/robot_actions/include/robot_actions/robot_actions/action/detail/triangle__rosidl_typesupport_fastrtps_cpp.hpp
[13.036s] -- Installing: /home/nourhane/ros2_ws/src/robot_actions/install/robot_actions/include/robot_actions/robot_actions/action/detail/dds_fastrtps
[13.036s] -- Installing: /home/nourhane/ros2_ws/src/robot_actions/install/robot_actions/include/robot_actions/robot_actions/action/detail/move__rosidl_typesupport_fastrtps_cpp.hpp
[13.036s] -- Up-to-date: /home/nourhane/ros2_ws/src/robot_actions/install/robot_actions/include/robot_actions/robot_actions/msg
[13.036s] -- Installing: /home/nourhane/ros2_ws/src/robot_actions/install/robot_actions/include/robot_actions/robot_actions/msg/rosidl_typesupport_fastrtps_cpp__visibility_control.h
[13.036s] -- Installing: /home/nourhane/ros2_ws/src/robot_actions/install/robot_actions/lib/librobot_actions__rosidl_typesupport_fastrtps_cpp.so
[13.037s] -- Set runtime path of "/home/nourhane/ros2_ws/src/robot_actions/install/robot_actions/lib/librobot_actions__rosidl_typesupport_fastrtps_cpp.so" to ""
[13.037s] -- Up-to-date: /home/nourhane/ros2_ws/src/robot_actions/install/robot_actions/include/robot_actions/robot_actions
[13.037s] -- Up-to-date: /home/nourhane/ros2_ws/src/robot_actions/install/robot_actions/include/robot_actions/robot_actions/action
[13.037s] -- Up-to-date: /home/nourhane/ros2_ws/src/robot_actions/install/robot_actions/include/robot_actions/robot_actions/action/detail
[13.038s] -- Installing: /home/nourhane/ros2_ws/src/robot_actions/install/robot_actions/include/robot_actions/robot_actions/action/detail/move__type_support.cpp
[13.038s] -- Installing: /home/nourhane/ros2_ws/src/robot_actions/install/robot_actions/include/robot_actions/robot_actions/action/detail/triangle__rosidl_typesupport_introspection_cpp.hpp
[13.038s] -- Installing: /home/nourhane/ros2_ws/src/robot_actions/install/robot_actions/include/robot_actions/robot_actions/action/detail/triangle__type_support.cpp
[13.038s] -- Installing: /home/nourhane/ros2_ws/src/robot_actions/install/robot_actions/include/robot_actions/robot_actions/action/detail/move__rosidl_typesupport_introspection_cpp.hpp
[13.038s] -- Installing: /home/nourhane/ros2_ws/src/robot_actions/install/robot_actions/lib/librobot_actions__rosidl_typesupport_introspection_cpp.so
[13.039s] -- Set runtime path of "/home/nourhane/ros2_ws/src/robot_actions/install/robot_actions/lib/librobot_actions__rosidl_typesupport_introspection_cpp.so" to ""
[13.039s] -- Installing: /home/nourhane/ros2_ws/src/robot_actions/install/robot_actions/lib/librobot_actions__rosidl_typesupport_cpp.so
[13.040s] -- Set runtime path of "/home/nourhane/ros2_ws/src/robot_actions/install/robot_actions/lib/librobot_actions__rosidl_typesupport_cpp.so" to ""
[13.040s] -- Installing: /home/nourhane/ros2_ws/src/robot_actions/install/robot_actions/share/robot_actions/environment/pythonpath.sh
[13.040s] -- Installing: /home/nourhane/ros2_ws/src/robot_actions/install/robot_actions/share/robot_actions/environment/pythonpath.dsv
[13.040s] -- Installing: /home/nourhane/ros2_ws/src/robot_actions/install/robot_actions/local/lib/python3.10/dist-packages/robot_actions-0.0.0-py3.10.egg-info
[13.040s] -- Installing: /home/nourhane/ros2_ws/src/robot_actions/install/robot_actions/local/lib/python3.10/dist-packages/robot_actions-0.0.0-py3.10.egg-info/dependency_links.txt
[13.040s] -- Installing: /home/nourhane/ros2_ws/src/robot_actions/install/robot_actions/local/lib/python3.10/dist-packages/robot_actions-0.0.0-py3.10.egg-info/SOURCES.txt
[13.040s] -- Installing: /home/nourhane/ros2_ws/src/robot_actions/install/robot_actions/local/lib/python3.10/dist-packages/robot_actions-0.0.0-py3.10.egg-info/PKG-INFO
[13.041s] -- Installing: /home/nourhane/ros2_ws/src/robot_actions/install/robot_actions/local/lib/python3.10/dist-packages/robot_actions-0.0.0-py3.10.egg-info/top_level.txt
[13.041s] -- Installing: /home/nourhane/ros2_ws/src/robot_actions/install/robot_actions/local/lib/python3.10/dist-packages/robot_actions
[13.041s] -- Installing: /home/nourhane/ros2_ws/src/robot_actions/install/robot_actions/local/lib/python3.10/dist-packages/robot_actions/action
[13.041s] -- Installing: /home/nourhane/ros2_ws/src/robot_actions/install/robot_actions/local/lib/python3.10/dist-packages/robot_actions/action/_triangle_s.c
[13.042s] -- Installing: /home/nourhane/ros2_ws/src/robot_actions/install/robot_actions/local/lib/python3.10/dist-packages/robot_actions/action/_move.py
[13.042s] -- Installing: /home/nourhane/ros2_ws/src/robot_actions/install/robot_actions/local/lib/python3.10/dist-packages/robot_actions/action/_move_s.c
[13.042s] -- Installing: /home/nourhane/ros2_ws/src/robot_actions/install/robot_actions/local/lib/python3.10/dist-packages/robot_actions/action/_triangle.py
[13.042s] -- Installing: /home/nourhane/ros2_ws/src/robot_actions/install/robot_actions/local/lib/python3.10/dist-packages/robot_actions/action/__init__.py
[13.042s] -- Installing: /home/nourhane/ros2_ws/src/robot_actions/install/robot_actions/local/lib/python3.10/dist-packages/robot_actions/_robot_actions_s.ep.rosidl_typesupport_c.c
[13.042s] -- Installing: /home/nourhane/ros2_ws/src/robot_actions/install/robot_actions/local/lib/python3.10/dist-packages/robot_actions/robot_actions_s__rosidl_typesupport_introspection_c.cpython-310-x86_64-linux-gnu.so
[13.043s] -- Installing: /home/nourhane/ros2_ws/src/robot_actions/install/robot_actions/local/lib/python3.10/dist-packages/robot_actions/robot_actions_s__rosidl_typesupport_fastrtps_c.cpython-310-x86_64-linux-gnu.so
[13.043s] -- Installing: /home/nourhane/ros2_ws/src/robot_actions/install/robot_actions/local/lib/python3.10/dist-packages/robot_actions/_robot_actions_s.ep.rosidl_typesupport_fastrtps_c.c
[13.043s] -- Installing: /home/nourhane/ros2_ws/src/robot_actions/install/robot_actions/local/lib/python3.10/dist-packages/robot_actions/librobot_actions__rosidl_generator_py.so
[13.043s] -- Installing: /home/nourhane/ros2_ws/src/robot_actions/install/robot_actions/local/lib/python3.10/dist-packages/robot_actions/__init__.py
[13.044s] -- Installing: /home/nourhane/ros2_ws/src/robot_actions/install/robot_actions/local/lib/python3.10/dist-packages/robot_actions/_robot_actions_s.ep.rosidl_typesupport_introspection_c.c
[13.044s] -- Installing: /home/nourhane/ros2_ws/src/robot_actions/install/robot_actions/local/lib/python3.10/dist-packages/robot_actions/robot_actions_s__rosidl_typesupport_c.cpython-310-x86_64-linux-gnu.so
[13.133s] Listing '/home/nourhane/ros2_ws/src/robot_actions/install/robot_actions/local/lib/python3.10/dist-packages/robot_actions'...
[13.133s] Compiling '/home/nourhane/ros2_ws/src/robot_actions/install/robot_actions/local/lib/python3.10/dist-packages/robot_actions/__init__.py'...
[13.133s] Listing '/home/nourhane/ros2_ws/src/robot_actions/install/robot_actions/local/lib/python3.10/dist-packages/robot_actions/action'...
[13.133s] Compiling '/home/nourhane/ros2_ws/src/robot_actions/install/robot_actions/local/lib/python3.10/dist-packages/robot_actions/action/__init__.py'...
[13.133s] Compiling '/home/nourhane/ros2_ws/src/robot_actions/install/robot_actions/local/lib/python3.10/dist-packages/robot_actions/action/_move.py'...
[13.134s] Compiling '/home/nourhane/ros2_ws/src/robot_actions/install/robot_actions/local/lib/python3.10/dist-packages/robot_actions/action/_triangle.py'...
[13.140s] -- Installing: /home/nourhane/ros2_ws/src/robot_actions/install/robot_actions/local/lib/python3.10/dist-packages/robot_actions/robot_actions_s__rosidl_typesupport_fastrtps_c.cpython-310-x86_64-linux-gnu.so
[13.141s] -- Set runtime path of "/home/nourhane/ros2_ws/src/robot_actions/install/robot_actions/local/lib/python3.10/dist-packages/robot_actions/robot_actions_s__rosidl_typesupport_fastrtps_c.cpython-310-x86_64-linux-gnu.so" to ""
[13.141s] -- Installing: /home/nourhane/ros2_ws/src/robot_actions/install/robot_actions/local/lib/python3.10/dist-packages/robot_actions/robot_actions_s__rosidl_typesupport_introspection_c.cpython-310-x86_64-linux-gnu.so
[13.142s] -- Set runtime path of "/home/nourhane/ros2_ws/src/robot_actions/install/robot_actions/local/lib/python3.10/dist-packages/robot_actions/robot_actions_s__rosidl_typesupport_introspection_c.cpython-310-x86_64-linux-gnu.so" to ""
[13.142s] -- Installing: /home/nourhane/ros2_ws/src/robot_actions/install/robot_actions/local/lib/python3.10/dist-packages/robot_actions/robot_actions_s__rosidl_typesupport_c.cpython-310-x86_64-linux-gnu.so
[13.143s] -- Set runtime path of "/home/nourhane/ros2_ws/src/robot_actions/install/robot_actions/local/lib/python3.10/dist-packages/robot_actions/robot_actions_s__rosidl_typesupport_c.cpython-310-x86_64-linux-gnu.so" to ""
[13.143s] -- Installing: /home/nourhane/ros2_ws/src/robot_actions/install/robot_actions/lib/librobot_actions__rosidl_generator_py.so
[13.144s] -- Set runtime path of "/home/nourhane/ros2_ws/src/robot_actions/install/robot_actions/lib/librobot_actions__rosidl_generator_py.so" to ""
[13.144s] -- Installing: /home/nourhane/ros2_ws/src/robot_actions/install/robot_actions/share/robot_actions/action/Move.idl
[13.145s] -- Installing: /home/nourhane/ros2_ws/src/robot_actions/install/robot_actions/share/robot_actions/action/Triangle.idl
[13.145s] -- Installing: /home/nourhane/ros2_ws/src/robot_actions/install/robot_actions/share/robot_actions/actions/Move.action
[13.145s] -- Installing: /home/nourhane/ros2_ws/src/robot_actions/install/robot_actions/share/robot_actions/actions/Triangle.action
[13.146s] -- Installing: /home/nourhane/ros2_ws/src/robot_actions/install/robot_actions/share/ament_index/resource_index/package_run_dependencies/robot_actions
[13.146s] -- Installing: /home/nourhane/ros2_ws/src/robot_actions/install/robot_actions/share/ament_index/resource_index/parent_prefix_path/robot_actions
[13.146s] -- Installing: /home/nourhane/ros2_ws/src/robot_actions/install/robot_actions/share/robot_actions/environment/ament_prefix_path.sh
[13.146s] -- Installing: /home/nourhane/ros2_ws/src/robot_actions/install/robot_actions/share/robot_actions/environment/ament_prefix_path.dsv
[13.146s] -- Installing: /home/nourhane/ros2_ws/src/robot_actions/install/robot_actions/share/robot_actions/environment/path.sh
[13.146s] -- Installing: /home/nourhane/ros2_ws/src/robot_actions/install/robot_actions/share/robot_actions/environment/path.dsv
[13.147s] -- Installing: /home/nourhane/ros2_ws/src/robot_actions/install/robot_actions/share/robot_actions/local_setup.bash
[13.147s] -- Installing: /home/nourhane/ros2_ws/src/robot_actions/install/robot_actions/share/robot_actions/local_setup.sh
[13.147s] -- Installing: /home/nourhane/ros2_ws/src/robot_actions/install/robot_actions/share/robot_actions/local_setup.zsh
[13.147s] -- Installing: /home/nourhane/ros2_ws/src/robot_actions/install/robot_actions/share/robot_actions/local_setup.dsv
[13.148s] -- Installing: /home/nourhane/ros2_ws/src/robot_actions/install/robot_actions/share/robot_actions/package.dsv
[13.148s] -- Installing: /home/nourhane/ros2_ws/src/robot_actions/install/robot_actions/share/ament_index/resource_index/packages/robot_actions
[13.148s] -- Installing: /home/nourhane/ros2_ws/src/robot_actions/install/robot_actions/share/robot_actions/cmake/export_robot_actions__rosidl_generator_cExport.cmake
[13.148s] -- Installing: /home/nourhane/ros2_ws/src/robot_actions/install/robot_actions/share/robot_actions/cmake/export_robot_actions__rosidl_generator_cExport-noconfig.cmake
[13.148s] -- Installing: /home/nourhane/ros2_ws/src/robot_actions/install/robot_actions/share/robot_actions/cmake/export_robot_actions__rosidl_typesupport_fastrtps_cExport.cmake
[13.149s] -- Installing: /home/nourhane/ros2_ws/src/robot_actions/install/robot_actions/share/robot_actions/cmake/export_robot_actions__rosidl_typesupport_fastrtps_cExport-noconfig.cmake
[13.150s] -- Installing: /home/nourhane/ros2_ws/src/robot_actions/install/robot_actions/share/robot_actions/cmake/robot_actions__rosidl_typesupport_introspection_cExport.cmake
[13.150s] -- Installing: /home/nourhane/ros2_ws/src/robot_actions/install/robot_actions/share/robot_actions/cmake/robot_actions__rosidl_typesupport_introspection_cExport-noconfig.cmake
[13.150s] -- Installing: /home/nourhane/ros2_ws/src/robot_actions/install/robot_actions/share/robot_actions/cmake/robot_actions__rosidl_typesupport_cExport.cmake
[13.150s] -- Installing: /home/nourhane/ros2_ws/src/robot_actions/install/robot_actions/share/robot_actions/cmake/robot_actions__rosidl_typesupport_cExport-noconfig.cmake
[13.150s] -- Installing: /home/nourhane/ros2_ws/src/robot_actions/install/robot_actions/share/robot_actions/cmake/export_robot_actions__rosidl_generator_cppExport.cmake
[13.150s] -- Installing: /home/nourhane/ros2_ws/src/robot_actions/install/robot_actions/share/robot_actions/cmake/export_robot_actions__rosidl_typesupport_fastrtps_cppExport.cmake
[13.151s] -- Installing: /home/nourhane/ros2_ws/src/robot_actions/install/robot_actions/share/robot_actions/cmake/export_robot_actions__rosidl_typesupport_fastrtps_cppExport-noconfig.cmake
[13.151s] -- Installing: /home/nourhane/ros2_ws/src/robot_actions/install/robot_actions/share/robot_actions/cmake/robot_actions__rosidl_typesupport_introspection_cppExport.cmake
[13.151s] -- Installing: /home/nourhane/ros2_ws/src/robot_actions/install/robot_actions/share/robot_actions/cmake/robot_actions__rosidl_typesupport_introspection_cppExport-noconfig.cmake
[13.151s] -- Installing: /home/nourhane/ros2_ws/src/robot_actions/install/robot_actions/share/robot_actions/cmake/robot_actions__rosidl_typesupport_cppExport.cmake
[13.151s] -- Installing: /home/nourhane/ros2_ws/src/robot_actions/install/robot_actions/share/robot_actions/cmake/robot_actions__rosidl_typesupport_cppExport-noconfig.cmake
[13.151s] -- Installing: /home/nourhane/ros2_ws/src/robot_actions/install/robot_actions/share/robot_actions/cmake/export_robot_actions__rosidl_generator_pyExport.cmake
[13.152s] -- Installing: /home/nourhane/ros2_ws/src/robot_actions/install/robot_actions/share/robot_actions/cmake/export_robot_actions__rosidl_generator_pyExport-noconfig.cmake
[13.153s] -- Installing: /home/nourhane/ros2_ws/src/robot_actions/install/robot_actions/share/robot_actions/cmake/rosidl_cmake-extras.cmake
[13.153s] -- Installing: /home/nourhane/ros2_ws/src/robot_actions/install/robot_actions/share/robot_actions/cmake/ament_cmake_export_dependencies-extras.cmake
[13.153s] -- Installing: /home/nourhane/ros2_ws/src/robot_actions/install/robot_actions/share/robot_actions/cmake/ament_cmake_export_include_directories-extras.cmake
[13.153s] -- Installing: /home/nourhane/ros2_ws/src/robot_actions/install/robot_actions/share/robot_actions/cmake/ament_cmake_export_libraries-extras.cmake
[13.153s] -- Installing: /home/nourhane/ros2_ws/src/robot_actions/install/robot_actions/share/robot_actions/cmake/ament_cmake_export_targets-extras.cmake
[13.154s] -- Installing: /home/nourhane/ros2_ws/src/robot_actions/install/robot_actions/share/robot_actions/cmake/rosidl_cmake_export_typesupport_targets-extras.cmake
[13.154s] -- Installing: /home/nourhane/ros2_ws/src/robot_actions/install/robot_actions/share/robot_actions/cmake/rosidl_cmake_export_typesupport_libraries-extras.cmake
[13.154s] -- Installing: /home/nourhane/ros2_ws/src/robot_actions/install/robot_actions/share/robot_actions/cmake/robot_actionsConfig.cmake
[13.154s] -- Installing: /home/nourhane/ros2_ws/src/robot_actions/install/robot_actions/share/robot_actions/cmake/robot_actionsConfig-version.cmake
[13.154s] -- Installing: /home/nourhane/ros2_ws/src/robot_actions/install/robot_actions/share/robot_actions/package.xml
[13.158s] Invoked command in '/home/nourhane/ros2_ws/src/robot_actions/build/robot_actions' returned '0': CMAKE_PREFIX_PATH=${CMAKE_PREFIX_PATH}:/home/nourhane/turtlebot3_ws/install/turtlebot3_teleop:/home/nourhane/turtlebot3_ws/install/turtlebot3_example:/opt/ros/humble /usr/bin/cmake --install /home/nourhane/ros2_ws/src/robot_actions/build/robot_actions
